info: ::1 - - [03/Apr/2023:02:05:09 +0000] "GET /api/v1/cart HTTP/1.1" 200 223 "-" "PostmanRuntime/7.31.3"

info: ::1 - - [03/Apr/2023:02:08:16 +0000] "GET /api/v1/books HTTP/1.1" 200 9282 "-" "PostmanRuntime/7.31.3"

info: ::1 - - [03/Apr/2023:02:09:05 +0000] "POST /api/v1/cart/add_book/6215888305253301a4fda5cd HTTP/1.1" 201 86 "-" "PostmanRuntime/7.31.3"

info: ::1 - - [03/Apr/2023:02:09:59 +0000] "POST /api/v1/cart/add_book/6215888305253301a4fda5cd HTTP/1.1" 201 86 "-" "PostmanRuntime/7.31.3"

info: ::1 - - [03/Apr/2023:02:10:00 +0000] "POST /api/v1/cart/add_book/6215888305253301a4fda5cd HTTP/1.1" 201 86 "-" "PostmanRuntime/7.31.3"

info: ::1 - - [03/Apr/2023:02:30:07 +0000] "POST /api/v1/cart HTTP/1.1" 404 47 "-" "PostmanRuntime/7.31.3"

info: ::1 - - [03/Apr/2023:02:30:14 +0000] "GET /api/v1/cart HTTP/1.1" 200 423 "-" "PostmanRuntime/7.31.3"

info: ::1 - - [03/Apr/2023:02:33:03 +0000] "GET /api/v1/books HTTP/1.1" 200 9282 "-" "PostmanRuntime/7.31.3"

info: ::1 - - [03/Apr/2023:02:33:28 +0000] "POST /api/v1/cart/add_book/6215892405253301a4fda5d2 HTTP/1.1" 201 86 "-" "PostmanRuntime/7.31.3"

info: ::1 - - [03/Apr/2023:02:33:32 +0000] "POST /api/v1/cart/add_book/6215892405253301a4fda5d2 HTTP/1.1" 201 86 "-" "PostmanRuntime/7.31.3"

info: ::1 - - [03/Apr/2023:02:33:50 +0000] "GET /api/v1/cart HTTP/1.1" 200 587 "-" "PostmanRuntime/7.31.3"

info: ::1 - - [03/Apr/2023:02:34:30 +0000] "GET /api/v1/cart/remove_book/6429843a91749f73b4d35ed6 HTTP/1.1" 404 47 "-" "PostmanRuntime/7.31.3"

info: ::1 - - [03/Apr/2023:02:34:37 +0000] "POST /api/v1/cart/remove_book/6429843a91749f73b4d35ed6 HTTP/1.1" 400 54 "-" "PostmanRuntime/7.31.3"

info: ::1 - - [03/Apr/2023:02:34:43 +0000] "POST /api/v1/cart/remove_book/6429843a91749f73b4d35ed6 HTTP/1.1" 400 54 "-" "PostmanRuntime/7.31.3"

info: ::1 - - [03/Apr/2023:02:35:54 +0000] "GET /api/v1/cart HTTP/1.1" 200 587 "-" "PostmanRuntime/7.31.3"

info: ::1 - - [03/Apr/2023:02:36:13 +0000] "POST /api/v1/cart/remove_book/6215888305253301a4fda5cd HTTP/1.1" 200 86 "-" "PostmanRuntime/7.31.3"

info: ::1 - - [03/Apr/2023:02:36:30 +0000] "POST /api/v1/cart/remove_book/6215888305253301a4fda5cd HTTP/1.1" 200 86 "-" "PostmanRuntime/7.31.3"

info: ::1 - - [03/Apr/2023:02:36:31 +0000] "POST /api/v1/cart/remove_book/6215888305253301a4fda5cd HTTP/1.1" 200 86 "-" "PostmanRuntime/7.31.3"

info: ::1 - - [03/Apr/2023:02:49:45 +0000] "POST /api/v1/cart/add_book/6215895605253301a4fda5d4 HTTP/1.1" 201 86 "-" "PostmanRuntime/7.31.3"

info: ::1 - - [03/Apr/2023:02:50:05 +0000] "GET /api/v1/cart HTTP/1.1" 200 563 "-" "PostmanRuntime/7.31.3"

info: ::1 - - [03/Apr/2023:02:52:02 +0000] "GET /api/v1/cart/remove_book/6215892405253301a4fda5d2 HTTP/1.1" 404 47 "-" "PostmanRuntime/7.31.3"

info: ::1 - - [03/Apr/2023:02:52:08 +0000] "POST /api/v1/cart/remove_book/6215892405253301a4fda5d2 HTTP/1.1" 200 86 "-" "PostmanRuntime/7.31.3"

info: ::1 - - [03/Apr/2023:02:52:12 +0000] "POST /api/v1/cart/remove_book/6215892405253301a4fda5d2 HTTP/1.1" 200 86 "-" "PostmanRuntime/7.31.3"

info: ::1 - - [03/Apr/2023:02:54:55 +0000] "POST /api/v1/cart/remove_book/6215892405253301a4fda5d2 HTTP/1.1" - - "-" "PostmanRuntime/7.31.3"

info: ::1 - - [03/Apr/2023:02:54:58 +0000] "GET /api/v1/cart HTTP/1.1" 200 398 "-" "PostmanRuntime/7.31.3"

info: ::1 - - [03/Apr/2023:02:55:23 +0000] "POST /api/v1/cart/remove_book/6215895605253301a4fda5d4 HTTP/1.1" 200 86 "-" "PostmanRuntime/7.31.3"

info: ::1 - - [03/Apr/2023:02:55:39 +0000] "GET /api/v1/cart HTTP/1.1" 200 223 "-" "PostmanRuntime/7.31.3"

info: ::1 - - [03/Apr/2023:03:06:29 +0000] "GET /api/v1/cart HTTP/1.1" 200 223 "-" "PostmanRuntime/7.31.3"

info: ::1 - - [03/Apr/2023:04:30:53 +0000] "GET /api/v1/cart HTTP/1.1" 200 223 "-" "PostmanRuntime/7.31.3"

info: ::1 - - [03/Apr/2023:04:31:20 +0000] "GET /api/v1/cart/add_book/6215892405253301a4fda5d2 HTTP/1.1" 404 47 "-" "PostmanRuntime/7.31.3"

info: ::1 - - [03/Apr/2023:04:31:38 +0000] "POST /api/v1/cart/add_book/6215892405253301a4fda5d2 HTTP/1.1" 201 86 "-" "PostmanRuntime/7.31.3"

info: ::1 - - [03/Apr/2023:04:31:48 +0000] "GET /api/v1/cart HTTP/1.1" 200 389 "-" "PostmanRuntime/7.31.3"

info: ::1 - - [03/Apr/2023:04:32:02 +0000] "GET /api/v1/cart/add_book/6215892405253301a4fda5d2 HTTP/1.1" 404 47 "-" "PostmanRuntime/7.31.3"

info: ::1 - - [03/Apr/2023:04:32:17 +0000] "POST /api/v1/cart/add_book/6215892405253301a4fda5d2 HTTP/1.1" 201 86 "-" "PostmanRuntime/7.31.3"

info: ::1 - - [03/Apr/2023:04:32:20 +0000] "POST /api/v1/cart/add_book/6215892405253301a4fda5d2 HTTP/1.1" 201 86 "-" "PostmanRuntime/7.31.3"

info: ::1 - - [03/Apr/2023:04:32:28 +0000] "GET /api/v1/cart HTTP/1.1" 200 389 "-" "PostmanRuntime/7.31.3"

info: ::1 - - [03/Apr/2023:04:35:01 +0000] "POST /api/v1/cart/remove_book/6215892405253301a4fda5d2 HTTP/1.1" 200 86 "-" "PostmanRuntime/7.31.3"

info: ::1 - - [03/Apr/2023:04:35:14 +0000] "GET /api/v1/cart HTTP/1.1" 200 389 "-" "PostmanRuntime/7.31.3"

info: ::1 - - [03/Apr/2023:14:05:25 +0000] "GET /api/v1/cart HTTP/1.1" 200 389 "-" "PostmanRuntime/7.31.3"

info: ::1 - - [03/Apr/2023:14:08:24 +0000] "GET /api/v1/cart HTTP/1.1" 200 389 "-" "PostmanRuntime/7.31.3"

