info: ::1 - - [04/Apr/2023:02:52:56 +0000] "GET /api/v1/cart HTTP/1.1" 200 617 "-" "PostmanRuntime/7.31.3"

info: ::1 - - [04/Apr/2023:02:54:02 +0000] "POST /api/v1/cart/removeBook/6215893e05253301a4fda5d3%0A HTTP/1.1" 400 54 "-" "PostmanRuntime/7.31.3"

info: ::1 - - [04/Apr/2023:02:55:07 +0000] "GET /api/v1/cart%0A HTTP/1.1" 404 47 "-" "PostmanRuntime/7.31.3"

info: ::1 - - [04/Apr/2023:02:55:16 +0000] "GET /api/v1/cart%0A HTTP/1.1" 404 47 "-" "PostmanRuntime/7.31.3"

info: ::1 - - [04/Apr/2023:02:55:17 +0000] "GET /api/v1/cart%0A HTTP/1.1" 404 47 "-" "PostmanRuntime/7.31.3"

info: ::1 - - [04/Apr/2023:02:55:23 +0000] "GET /api/v1/cart/%0A HTTP/1.1" 404 47 "-" "PostmanRuntime/7.31.3"

info: ::1 - - [04/Apr/2023:02:56:00 +0000] "GET /api/v1/cart%0A HTTP/1.1" 404 47 "-" "PostmanRuntime/7.31.3"

info: ::1 - - [04/Apr/2023:02:59:55 +0000] "GET /api/v1/cart%0A HTTP/1.1" 404 47 "-" "PostmanRuntime/7.31.3"

info: ::1 - - [04/Apr/2023:03:00:04 +0000] "GET /api/v1/cart/%0A HTTP/1.1" 404 47 "-" "PostmanRuntime/7.31.3"

info: ::1 - - [04/Apr/2023:03:01:08 +0000] "GET /api/v1/cart HTTP/1.1" 200 617 "-" "PostmanRuntime/7.31.3"

info: ::1 - - [04/Apr/2023:03:03:00 +0000] "GET /api/v1/cart/addBook/6215892405253301a4fda5d2 HTTP/1.1" 404 47 "-" "PostmanRuntime/7.31.3"

info: ::1 - - [04/Apr/2023:03:03:07 +0000] "POST /api/v1/cart/addBook/6215892405253301a4fda5d2 HTTP/1.1" 201 86 "-" "PostmanRuntime/7.31.3"

info: ::1 - - [04/Apr/2023:03:03:20 +0000] "POST /api/v1/cart/removeBook/6215892405253301a4fda5d2 HTTP/1.1" 200 86 "-" "PostmanRuntime/7.31.3"

info: ::1 - - [04/Apr/2023:03:03:41 +0000] "GET /api/v1/cart HTTP/1.1" 200 617 "-" "PostmanRuntime/7.31.3"

info: ::1 - - [04/Apr/2023:03:14:46 +0000] "GET /api/v1/wishlist HTTP/1.1" 201 262 "-" "PostmanRuntime/7.31.3"

info: ::1 - - [04/Apr/2023:03:15:00 +0000] "POST /api/v1/wishlist/addBook/6215893e05253301a4fda5d3 HTTP/1.1" 201 86 "-" "PostmanRuntime/7.31.3"

info: ::1 - - [04/Apr/2023:03:15:06 +0000] "POST /api/v1/wishlist/addBook/6215893e05253301a4fda5d3 HTTP/1.1" 400 44 "-" "PostmanRuntime/7.31.3"

info: ::1 - - [04/Apr/2023:03:15:58 +0000] "POST /api/v1/wishlist/removeBook/6215893e05253301a4fda5d3 HTTP/1.1" 200 90 "-" "PostmanRuntime/7.31.3"

info: ::1 - - [04/Apr/2023:03:16:02 +0000] "POST /api/v1/wishlist/removeBook/6215893e05253301a4fda5d3 HTTP/1.1" 400 60 "-" "PostmanRuntime/7.31.3"

info: ::1 - - [04/Apr/2023:03:18:04 +0000] "GET /api/v1/wishlist HTTP/1.1" 201 262 "-" "PostmanRuntime/7.31.3"

info: ::1 - - [04/Apr/2023:03:18:22 +0000] "GET /api/v1/wishlist/addBook/6215893e05253301a4fda5d3 HTTP/1.1" 404 47 "-" "PostmanRuntime/7.31.3"

info: ::1 - - [04/Apr/2023:03:18:29 +0000] "POST /api/v1/wishlist/addBook/6215893e05253301a4fda5d3 HTTP/1.1" 201 86 "-" "PostmanRuntime/7.31.3"

info: ::1 - - [04/Apr/2023:08:28:58 +0000] "GET /api/v1/customers HTTP/1.1" 500 280 "-" "PostmanRuntime/7.31.3"

info: ::1 - - [04/Apr/2023:08:30:27 +0000] "GET /api/v1/customer HTTP/1.1" 404 47 "-" "PostmanRuntime/7.31.3"

info: ::1 - - [04/Apr/2023:08:30:32 +0000] "GET /api/v1/customers HTTP/1.1" 500 280 "-" "PostmanRuntime/7.31.3"

info: ::1 - - [04/Apr/2023:08:31:12 +0000] "POST /api/v1/customers/addAddress HTTP/1.1" 500 59 "-" "PostmanRuntime/7.31.3"

info: ::1 - - [04/Apr/2023:08:31:41 +0000] "POST /api/v1/customers/addAddress HTTP/1.1" 500 63 "-" "PostmanRuntime/7.31.3"

info: ::1 - - [04/Apr/2023:08:32:36 +0000] "POST /api/v1/customers/addAddress HTTP/1.1" 500 55 "-" "PostmanRuntime/7.31.3"

info: ::1 - - [04/Apr/2023:08:33:20 +0000] "POST /api/v1/customers/addAddress HTTP/1.1" 500 58 "-" "PostmanRuntime/7.31.3"

info: ::1 - - [04/Apr/2023:08:37:20 +0000] "POST /api/v1/customers/addAddress HTTP/1.1" 500 55 "-" "PostmanRuntime/7.31.3"

info: ::1 - - [04/Apr/2023:08:37:53 +0000] "POST /api/v1/customers/addAddress HTTP/1.1" 500 56 "-" "PostmanRuntime/7.31.3"

info: ::1 - - [04/Apr/2023:08:38:31 +0000] "POST /api/v1/customers/addAddress HTTP/1.1" 201 397 "-" "PostmanRuntime/7.31.3"

info: ::1 - - [04/Apr/2023:08:38:55 +0000] "GET /api/v1/customers HTTP/1.1" 500 361 "-" "PostmanRuntime/7.31.3"

info: ::1 - - [04/Apr/2023:08:56:48 +0000] "POST /api/v1/customers/addAddress HTTP/1.1" 201 96 "-" "PostmanRuntime/7.31.3"

info: ::ffff:127.0.0.1 - - [04/Apr/2023:08:56:59 +0000] "POST /api/v1/customers/addAddress HTTP/1.1" 201 96 "-" "PostmanRuntime/7.31.3"

info: ::1 - - [04/Apr/2023:08:57:34 +0000] "GET /api/v1/customers HTTP/1.1" 500 361 "-" "PostmanRuntime/7.31.3"

info: ::1 - - [04/Apr/2023:09:00:28 +0000] "GET /api/v1/customers HTTP/1.1" 500 361 "-" "PostmanRuntime/7.31.3"

info: ::1 - - [04/Apr/2023:09:02:00 +0000] "POST /api/v1/customers/addAddress HTTP/1.1" 201 96 "-" "PostmanRuntime/7.31.3"

info: ::1 - - [04/Apr/2023:09:04:29 +0000] "GET /api/v1/customers HTTP/1.1" 500 361 "-" "PostmanRuntime/7.31.3"

info: ::1 - - [04/Apr/2023:10:44:59 +0000] "GET /api/v1/customers HTTP/1.1" 400 60 "-" "PostmanRuntime/7.31.3"

info: ::1 - - [04/Apr/2023:10:47:50 +0000] "GET /api/v1/customers/addAddress HTTP/1.1" 404 47 "-" "PostmanRuntime/7.31.3"

info: ::1 - - [04/Apr/2023:10:47:56 +0000] "POST /api/v1/customers/addAddress HTTP/1.1" 201 96 "-" "PostmanRuntime/7.31.3"

info: ::1 - - [04/Apr/2023:10:48:12 +0000] "GET /api/v1/customers HTTP/1.1" 400 60 "-" "PostmanRuntime/7.31.3"

info: ::1 - - [04/Apr/2023:10:49:56 +0000] "GET /api/v1/customers HTTP/1.1" 200 66 "-" "PostmanRuntime/7.31.3"

info: ::1 - - [04/Apr/2023:10:51:12 +0000] "GET /api/v1/customers HTTP/1.1" 200 64 "-" "PostmanRuntime/7.31.3"

info: ::1 - - [04/Apr/2023:10:52:33 +0000] "POST /api/v1/customers/addAddress HTTP/1.1" 201 96 "-" "PostmanRuntime/7.31.3"

info: ::1 - - [04/Apr/2023:10:52:44 +0000] "POST /api/v1/customers/addAddress HTTP/1.1" 201 96 "-" "PostmanRuntime/7.31.3"

info: ::1 - - [04/Apr/2023:10:53:06 +0000] "GET /api/v1/customers HTTP/1.1" 200 64 "-" "PostmanRuntime/7.31.3"

info: ::1 - - [04/Apr/2023:10:55:35 +0000] "POST /api/v1/customers/addAddress HTTP/1.1" 201 361 "-" "PostmanRuntime/7.31.3"

info: ::1 - - [04/Apr/2023:10:55:42 +0000] "POST /api/v1/customers/addAddress HTTP/1.1" 201 96 "-" "PostmanRuntime/7.31.3"

info: ::1 - - [04/Apr/2023:10:55:52 +0000] "GET /api/v1/customers HTTP/1.1" 200 64 "-" "PostmanRuntime/7.31.3"

info: ::1 - - [04/Apr/2023:10:56:04 +0000] "GET /api/v1/customers HTTP/1.1" 200 64 "-" "PostmanRuntime/7.31.3"

info: ::1 - - [04/Apr/2023:10:57:26 +0000] "POST /api/v1/customers/addAddress HTTP/1.1" 201 522 "-" "PostmanRuntime/7.31.3"

info: ::1 - - [04/Apr/2023:10:57:29 +0000] "POST /api/v1/customers/addAddress HTTP/1.1" 201 683 "-" "PostmanRuntime/7.31.3"

info: ::1 - - [04/Apr/2023:10:57:56 +0000] "GET /api/v1/customers HTTP/1.1" 200 64 "-" "PostmanRuntime/7.31.3"

info: ::1 - - [04/Apr/2023:10:59:33 +0000] "GET /api/v1/customers HTTP/1.1" 200 66 "-" "PostmanRuntime/7.31.3"

info: ::1 - - [04/Apr/2023:10:59:57 +0000] "POST /api/v1/customers/addAddress HTTP/1.1" 201 844 "-" "PostmanRuntime/7.31.3"

info: ::1 - - [04/Apr/2023:11:00:27 +0000] "GET /api/v1/customers/642c0227328e3550c8098ed1 HTTP/1.1" 404 47 "-" "PostmanRuntime/7.31.3"

info: ::1 - - [04/Apr/2023:11:00:37 +0000] "GET /api/v1/customers HTTP/1.1" 200 66 "-" "PostmanRuntime/7.31.3"

info: ::1 - - [04/Apr/2023:11:03:01 +0000] "GET /api/v1/customers/addAddress HTTP/1.1" 404 47 "-" "PostmanRuntime/7.31.3"

info: ::1 - - [04/Apr/2023:11:03:06 +0000] "POST /api/v1/customers/addAddress HTTP/1.1" 201 96 "-" "PostmanRuntime/7.31.3"

info: ::1 - - [04/Apr/2023:11:03:23 +0000] "GET /api/v1/customers HTTP/1.1" 200 66 "-" "PostmanRuntime/7.31.3"

info: ::1 - - [04/Apr/2023:11:04:06 +0000] "GET /api/v1/customers HTTP/1.1" 200 66 "-" "PostmanRuntime/7.31.3"

info: ::1 - - [04/Apr/2023:11:11:17 +0000] "GET /api/v1/customers HTTP/1.1" 200 64 "-" "PostmanRuntime/7.31.3"

info: ::1 - - [04/Apr/2023:11:13:25 +0000] "GET /api/v1/customers HTTP/1.1" 200 2139 "-" "PostmanRuntime/7.31.3"

info: ::1 - - [04/Apr/2023:11:17:19 +0000] "GET /api/v1/customers HTTP/1.1" 200 1037 "-" "PostmanRuntime/7.31.3"

info: ::1 - - [04/Apr/2023:11:27:15 +0000] "POST /api/v1/customers/addAddress HTTP/1.1" 201 96 "-" "PostmanRuntime/7.31.3"

info: ::1 - - [04/Apr/2023:11:27:27 +0000] "GET /api/v1/customers HTTP/1.1" 200 1037 "-" "PostmanRuntime/7.31.3"

info: ::1 - - [04/Apr/2023:11:29:28 +0000] "POST /api/v1/customers/addAddress HTTP/1.1" 201 96 "-" "PostmanRuntime/7.31.3"

info: ::1 - - [04/Apr/2023:11:29:38 +0000] "GET /api/v1/customers HTTP/1.1" 200 1037 "-" "PostmanRuntime/7.31.3"

info: ::1 - - [04/Apr/2023:15:15:15 +0000] "GET /api/v1/cart%0A HTTP/1.1" 404 47 "-" "PostmanRuntime/7.31.3"

info: ::1 - - [04/Apr/2023:15:15:52 +0000] "GET /api/v1/cart%0A HTTP/1.1" 404 47 "-" "PostmanRuntime/7.31.3"

info: ::1 - - [04/Apr/2023:15:16:52 +0000] "GET /api/v1/cart/%0A HTTP/1.1" 404 47 "-" "PostmanRuntime/7.31.3"

info: ::1 - - [04/Apr/2023:15:17:30 +0000] "GET /api/v1/cart%0A HTTP/1.1" 404 47 "-" "PostmanRuntime/7.31.3"

info: ::1 - - [04/Apr/2023:15:17:45 +0000] "POST /api/v1/cart/addBook%0A HTTP/1.1" 404 47 "-" "PostmanRuntime/7.31.3"

info: ::1 - - [04/Apr/2023:15:18:13 +0000] "GET /api/v1/book%0A HTTP/1.1" 404 47 "-" "PostmanRuntime/7.31.3"

info: ::1 - - [04/Apr/2023:15:20:47 +0000] "GET /api/v1/cart HTTP/1.1" 400 56 "-" "PostmanRuntime/7.31.3"

info: ::1 - - [04/Apr/2023:15:22:09 +0000] "POST /api/v1/users/login HTTP/1.1" 400 50 "-" "PostmanRuntime/7.31.3"

info: ::1 - - [04/Apr/2023:15:22:19 +0000] "POST /api/v1/users/login HTTP/1.1" 400 50 "-" "PostmanRuntime/7.31.3"

info: ::1 - - [04/Apr/2023:15:22:41 +0000] "POST /api/v1/users/ HTTP/1.1" 500 60 "-" "PostmanRuntime/7.31.3"

info: ::1 - - [04/Apr/2023:15:24:11 +0000] "POST /api/v1/users/ HTTP/1.1" 500 122 "-" "PostmanRuntime/7.31.3"

info: ::1 - - [04/Apr/2023:15:24:19 +0000] "POST /api/v1/users/ HTTP/1.1" 500 122 "-" "PostmanRuntime/7.31.3"

info: ::1 - - [04/Apr/2023:15:24:31 +0000] "POST /api/v1/users/ HTTP/1.1" 201 318 "-" "PostmanRuntime/7.31.3"

info: ::1 - - [04/Apr/2023:15:24:51 +0000] "POST /api/v1/users/login HTTP/1.1" 200 242 "-" "PostmanRuntime/7.31.3"

info: ::1 - - [04/Apr/2023:15:25:12 +0000] "POST /api/v1/users/login HTTP/1.1" 200 242 "-" "PostmanRuntime/7.31.3"

info: ::1 - - [04/Apr/2023:15:25:59 +0000] "GET /api/v1/cart HTTP/1.1" - - "-" "PostmanRuntime/7.31.3"

info: ::1 - - [04/Apr/2023:15:26:13 +0000] "GET /api/v1/book HTTP/1.1" 404 47 "-" "PostmanRuntime/7.31.3"

info: ::1 - - [04/Apr/2023:15:26:25 +0000] "GET /api/v1/books HTTP/1.1" 200 9282 "-" "PostmanRuntime/7.31.3"

info: ::1 - - [04/Apr/2023:15:26:39 +0000] "GET /api/v1/books/6215178d05253301a4fda5c4 HTTP/1.1" 200 391 "-" "PostmanRuntime/7.31.3"

info: ::1 - - [04/Apr/2023:15:27:03 +0000] "GET /api/v1/cart/addBook/6215178d05253301a4fda5c4 HTTP/1.1" 404 47 "-" "PostmanRuntime/7.31.3"

info: ::1 - - [04/Apr/2023:15:27:27 +0000] "POST /api/v1/cart/addBook/6215178d05253301a4fda5c4 HTTP/1.1" 201 467 "-" "PostmanRuntime/7.31.3"

info: ::1 - - [04/Apr/2023:15:27:39 +0000] "GET /api/v1/cart HTTP/1.1" 200 467 "-" "PostmanRuntime/7.31.3"

info: ::1 - - [04/Apr/2023:15:28:21 +0000] "POST /api/v1/cart/purchase/642c41df49519f2f744180c6 HTTP/1.1" 201 469 "-" "PostmanRuntime/7.31.3"

info: ::1 - - [04/Apr/2023:15:28:45 +0000] "POST /api/v1/cart/purchase/642c41df49519f2f744180c6 HTTP/1.1" 201 469 "-" "PostmanRuntime/7.31.3"

info: ::1 - - [04/Apr/2023:15:30:33 +0000] "GET /api/v1/cart HTTP/1.1" 200 467 "-" "PostmanRuntime/7.31.3"

info: ::1 - - [04/Apr/2023:15:31:29 +0000] "GET /api/v1/cart/purchase/642c41df49519f2f744180c6 HTTP/1.1" 404 47 "-" "PostmanRuntime/7.31.3"

info: ::1 - - [04/Apr/2023:15:31:37 +0000] "POST /api/v1/cart/purchase/642c41df49519f2f744180c6 HTTP/1.1" 201 469 "-" "PostmanRuntime/7.31.3"

info: ::1 - - [04/Apr/2023:15:33:13 +0000] "POST /api/v1/cart/purchase/642c41df49519f2f744180c6 HTTP/1.1" 201 469 "-" "PostmanRuntime/7.31.3"

info: ::1 - - [04/Apr/2023:15:42:29 +0000] "POST /api/v1/cart/purchase/642c41df49519f2f744180c6 HTTP/1.1" 400 90 "-" "PostmanRuntime/7.31.3"

info: ::1 - - [04/Apr/2023:15:49:45 +0000] "POST /api/v1/cart/purchase/642c41df49519f2f744180c6 HTTP/1.1" 201 469 "-" "PostmanRuntime/7.31.3"

info: ::1 - - [04/Apr/2023:15:50:16 +0000] "POST /api/v1/cart/purchase/642c41df49519f2f744180c6 HTTP/1.1" 201 469 "-" "PostmanRuntime/7.31.3"

info: ::1 - - [04/Apr/2023:15:50:18 +0000] "POST /api/v1/cart/purchase/642c41df49519f2f744180c6 HTTP/1.1" 201 469 "-" "PostmanRuntime/7.31.3"

info: ::1 - - [04/Apr/2023:15:50:19 +0000] "POST /api/v1/cart/purchase/642c41df49519f2f744180c6 HTTP/1.1" 201 469 "-" "PostmanRuntime/7.31.3"

info: ::1 - - [04/Apr/2023:15:50:19 +0000] "POST /api/v1/cart/purchase/642c41df49519f2f744180c6 HTTP/1.1" 201 469 "-" "PostmanRuntime/7.31.3"

info: ::1 - - [04/Apr/2023:15:50:20 +0000] "POST /api/v1/cart/purchase/642c41df49519f2f744180c6 HTTP/1.1" 201 469 "-" "PostmanRuntime/7.31.3"

info: ::1 - - [04/Apr/2023:15:54:42 +0000] "POST /api/v1/cart/purchase/642c41df49519f2f744180c6 HTTP/1.1" 201 469 "-" "PostmanRuntime/7.31.3"

info: ::1 - - [04/Apr/2023:15:54:45 +0000] "POST /api/v1/cart/purchase/642c41df49519f2f744180c6 HTTP/1.1" 201 468 "-" "PostmanRuntime/7.31.3"

info: ::1 - - [04/Apr/2023:15:54:50 +0000] "POST /api/v1/cart/purchase/642c41df49519f2f744180c6 HTTP/1.1" 201 468 "-" "PostmanRuntime/7.31.3"

info: ::1 - - [04/Apr/2023:15:54:51 +0000] "POST /api/v1/cart/purchase/642c41df49519f2f744180c6 HTTP/1.1" 201 468 "-" "PostmanRuntime/7.31.3"

info: ::1 - - [04/Apr/2023:15:54:52 +0000] "POST /api/v1/cart/purchase/642c41df49519f2f744180c6 HTTP/1.1" 201 468 "-" "PostmanRuntime/7.31.3"

info: ::1 - - [04/Apr/2023:15:54:52 +0000] "POST /api/v1/cart/purchase/642c41df49519f2f744180c6 HTTP/1.1" 201 468 "-" "PostmanRuntime/7.31.3"

