info: Server started at http://localhost:3000/api/v1/ {"timestamp":"2023-03-31T09:56:15.995Z"}
info: Connected to the database. {"timestamp":"2023-03-31T09:56:16.130Z"}
error: 
    status - 500 
    message - SyntaxError: Unexpected token / in JSON at position 19
    at JSON.parse (<anonymous>)
    at parse (D:\Book_Store\bookStore\node_modules\body-parser\lib\types\json.js:89:19)
    at D:\Book_Store\bookStore\node_modules\body-parser\lib\read.js:128:18
    at AsyncResource.runInAsyncScope (node:async_hooks:204:9)
    at invokeCallback (D:\Book_Store\bookStore\node_modules\raw-body\index.js:231:16)
    at done (D:\Book_Store\bookStore\node_modules\raw-body\index.js:220:7)
    at IncomingMessage.onEnd (D:\Book_Store\bookStore\node_modules\raw-body\index.js:280:7)
    at IncomingMessage.emit (node:events:513:28)
    at IncomingMessage.emit (node:domain:489:12)
    at endReadableNT (node:internal/streams/readable:1359:12)
    at processTicksAndRejections (node:internal/process/task_queues:82:21) 
    url - /api/v1/users/login 
    method - POST 
    IP - ::1
   {"timestamp":"2023-03-31T09:58:45.029Z"}
error: 
    status - 500 
    message - SyntaxError: Unexpected token / in JSON at position 19
    at JSON.parse (<anonymous>)
    at parse (D:\Book_Store\bookStore\node_modules\body-parser\lib\types\json.js:89:19)
    at D:\Book_Store\bookStore\node_modules\body-parser\lib\read.js:128:18
    at AsyncResource.runInAsyncScope (node:async_hooks:204:9)
    at invokeCallback (D:\Book_Store\bookStore\node_modules\raw-body\index.js:231:16)
    at done (D:\Book_Store\bookStore\node_modules\raw-body\index.js:220:7)
    at IncomingMessage.onEnd (D:\Book_Store\bookStore\node_modules\raw-body\index.js:280:7)
    at IncomingMessage.emit (node:events:513:28)
    at IncomingMessage.emit (node:domain:489:12)
    at endReadableNT (node:internal/streams/readable:1359:12)
    at processTicksAndRejections (node:internal/process/task_queues:82:21) 
    url - /api/v1/users/login 
    method - POST 
    IP - ::1
   {"timestamp":"2023-03-31T10:00:32.262Z"}
error: 
    status - 500 
    message - SyntaxError: Unexpected token / in JSON at position 19
    at JSON.parse (<anonymous>)
    at parse (D:\Book_Store\bookStore\node_modules\body-parser\lib\types\json.js:89:19)
    at D:\Book_Store\bookStore\node_modules\body-parser\lib\read.js:128:18
    at AsyncResource.runInAsyncScope (node:async_hooks:204:9)
    at invokeCallback (D:\Book_Store\bookStore\node_modules\raw-body\index.js:231:16)
    at done (D:\Book_Store\bookStore\node_modules\raw-body\index.js:220:7)
    at IncomingMessage.onEnd (D:\Book_Store\bookStore\node_modules\raw-body\index.js:280:7)
    at IncomingMessage.emit (node:events:513:28)
    at IncomingMessage.emit (node:domain:489:12)
    at endReadableNT (node:internal/streams/readable:1359:12)
    at processTicksAndRejections (node:internal/process/task_queues:82:21) 
    url - /api/v1/users/login 
    method - POST 
    IP - ::1
   {"timestamp":"2023-03-31T10:00:56.011Z"}
info: Server started at http://localhost:3000/api/v1/ {"timestamp":"2023-03-31T10:13:33.597Z"}
info: Connected to the database. {"timestamp":"2023-03-31T10:13:33.619Z"}
info: Server started at http://localhost:3000/api/v1/ {"timestamp":"2023-03-31T10:15:58.438Z"}
info: Connected to the database. {"timestamp":"2023-03-31T10:15:58.453Z"}
info: Server started at http://localhost:3000/api/v1/ {"timestamp":"2023-03-31T10:19:19.184Z"}
info: Connected to the database. {"timestamp":"2023-03-31T10:19:19.247Z"}
info: Server started at http://localhost:3000/api/v1/ {"timestamp":"2023-03-31T10:19:27.799Z"}
info: Connected to the database. {"timestamp":"2023-03-31T10:19:27.826Z"}
info: Server started at http://localhost:3000/api/v1/ {"timestamp":"2023-03-31T10:19:32.399Z"}
info: Connected to the database. {"timestamp":"2023-03-31T10:19:32.427Z"}
info: Server started at http://localhost:3000/api/v1/ {"timestamp":"2023-03-31T10:20:02.015Z"}
info: Connected to the database. {"timestamp":"2023-03-31T10:20:02.034Z"}
info: Server started at http://localhost:3000/api/v1/ {"timestamp":"2023-03-31T10:20:37.390Z"}
info: Connected to the database. {"timestamp":"2023-03-31T10:20:37.406Z"}
error: 
    status - 500 
    message - ReferenceError: bookService is not defined
    at _callee$ (D:\Book_Store\bookStore\src\controllers\/book.controller.js:10:49)
    at tryCatch (D:\Book_Store\bookStore\node_modules\@babel\runtime\helpers\regeneratorRuntime.js:44:17)
    at Generator.<anonymous> (D:\Book_Store\bookStore\node_modules\@babel\runtime\helpers\regeneratorRuntime.js:125:22)
    at Generator.next (D:\Book_Store\bookStore\node_modules\@babel\runtime\helpers\regeneratorRuntime.js:69:21)
    at asyncGeneratorStep (D:\Book_Store\bookStore\node_modules\@babel\runtime\helpers\asyncToGenerator.js:3:24)
    at _next (D:\Book_Store\bookStore\node_modules\@babel\runtime\helpers\asyncToGenerator.js:22:9)
    at D:\Book_Store\bookStore\node_modules\@babel\runtime\helpers\asyncToGenerator.js:27:7
    at new Promise (<anonymous>)
    at apply (D:\Book_Store\bookStore\node_modules\@babel\runtime\helpers\asyncToGenerator.js:19:12)
    at getAllBooks (D:\Book_Store\bookStore\src\controllers\/book.controller.js:10:25)
    at Layer.handle [as handle_request] (D:\Book_Store\bookStore\node_modules\express\lib\router\layer.js:95:5)
    at next (D:\Book_Store\bookStore\node_modules\express\lib\router\route.js:144:13)
    at Route.dispatch (D:\Book_Store\bookStore\node_modules\express\lib\router\route.js:114:3)
    at Layer.handle [as handle_request] (D:\Book_Store\bookStore\node_modules\express\lib\router\layer.js:95:5)
    at D:\Book_Store\bookStore\node_modules\express\lib\router\index.js:284:15
    at Function.process_params (D:\Book_Store\bookStore\node_modules\express\lib\router\index.js:346:12)
    at next (D:\Book_Store\bookStore\node_modules\express\lib\router\index.js:280:10)
    at Function.handle (D:\Book_Store\bookStore\node_modules\express\lib\router\index.js:175:3)
    at router (D:\Book_Store\bookStore\node_modules\express\lib\router\index.js:47:12)
    at Layer.handle [as handle_request] (D:\Book_Store\bookStore\node_modules\express\lib\router\layer.js:95:5)
    at trim_prefix (D:\Book_Store\bookStore\node_modules\express\lib\router\index.js:328:13)
    at D:\Book_Store\bookStore\node_modules\express\lib\router\index.js:286:9
    at Function.process_params (D:\Book_Store\bookStore\node_modules\express\lib\router\index.js:346:12)
    at next (D:\Book_Store\bookStore\node_modules\express\lib\router\index.js:280:10)
    at Function.handle (D:\Book_Store\bookStore\node_modules\express\lib\router\index.js:175:3)
    at router (D:\Book_Store\bookStore\node_modules\express\lib\router\index.js:47:12)
    at Layer.handle [as handle_request] (D:\Book_Store\bookStore\node_modules\express\lib\router\layer.js:95:5)
    at trim_prefix (D:\Book_Store\bookStore\node_modules\express\lib\router\index.js:328:13)
    at D:\Book_Store\bookStore\node_modules\express\lib\router\index.js:286:9
    at Function.process_params (D:\Book_Store\bookStore\node_modules\express\lib\router\index.js:346:12)
    at next (D:\Book_Store\bookStore\node_modules\express\lib\router\index.js:280:10)
    at logger (D:\Book_Store\bookStore\node_modules\morgan\index.js:144:5)
    at Layer.handle [as handle_request] (D:\Book_Store\bookStore\node_modules\express\lib\router\layer.js:95:5)
    at trim_prefix (D:\Book_Store\bookStore\node_modules\express\lib\router\index.js:328:13)
    at D:\Book_Store\bookStore\node_modules\express\lib\router\index.js:286:9
    at Function.process_params (D:\Book_Store\bookStore\node_modules\express\lib\router\index.js:346:12)
    at next (D:\Book_Store\bookStore\node_modules\express\lib\router\index.js:280:10)
    at D:\Book_Store\bookStore\node_modules\body-parser\lib\read.js:137:5
    at AsyncResource.runInAsyncScope (node:async_hooks:204:9)
    at invokeCallback (D:\Book_Store\bookStore\node_modules\raw-body\index.js:231:16)
    at done (D:\Book_Store\bookStore\node_modules\raw-body\index.js:220:7)
    at IncomingMessage.onEnd (D:\Book_Store\bookStore\node_modules\raw-body\index.js:280:7)
    at IncomingMessage.emit (node:events:513:28)
    at IncomingMessage.emit (node:domain:489:12)
    at endReadableNT (node:internal/streams/readable:1359:12)
    at processTicksAndRejections (node:internal/process/task_queues:82:21) 
    url - /api/v1/books 
    method - GET 
    IP - ::1
   {"timestamp":"2023-03-31T10:21:01.760Z"}
info: Server started at http://localhost:3000/api/v1/ {"timestamp":"2023-03-31T10:22:42.426Z"}
info: Connected to the database. {"timestamp":"2023-03-31T10:22:42.443Z"}
error: 
    status - 500 
    message - TypeError: bookService.getAllbooks is not a function
    at _callee$ (D:\Book_Store\bookStore\src\controllers\/book.controller.js:12:36)
    at tryCatch (D:\Book_Store\bookStore\node_modules\@babel\runtime\helpers\regeneratorRuntime.js:44:17)
    at Generator.<anonymous> (D:\Book_Store\bookStore\node_modules\@babel\runtime\helpers\regeneratorRuntime.js:125:22)
    at Generator.next (D:\Book_Store\bookStore\node_modules\@babel\runtime\helpers\regeneratorRuntime.js:69:21)
    at asyncGeneratorStep (D:\Book_Store\bookStore\node_modules\@babel\runtime\helpers\asyncToGenerator.js:3:24)
    at _next (D:\Book_Store\bookStore\node_modules\@babel\runtime\helpers\asyncToGenerator.js:22:9)
    at D:\Book_Store\bookStore\node_modules\@babel\runtime\helpers\asyncToGenerator.js:27:7
    at new Promise (<anonymous>)
    at apply (D:\Book_Store\bookStore\node_modules\@babel\runtime\helpers\asyncToGenerator.js:19:12)
    at getAllBooks (D:\Book_Store\bookStore\src\controllers\/book.controller.js:10:25)
    at Layer.handle [as handle_request] (D:\Book_Store\bookStore\node_modules\express\lib\router\layer.js:95:5)
    at next (D:\Book_Store\bookStore\node_modules\express\lib\router\route.js:144:13)
    at Route.dispatch (D:\Book_Store\bookStore\node_modules\express\lib\router\route.js:114:3)
    at Layer.handle [as handle_request] (D:\Book_Store\bookStore\node_modules\express\lib\router\layer.js:95:5)
    at D:\Book_Store\bookStore\node_modules\express\lib\router\index.js:284:15
    at Function.process_params (D:\Book_Store\bookStore\node_modules\express\lib\router\index.js:346:12)
    at next (D:\Book_Store\bookStore\node_modules\express\lib\router\index.js:280:10)
    at Function.handle (D:\Book_Store\bookStore\node_modules\express\lib\router\index.js:175:3)
    at router (D:\Book_Store\bookStore\node_modules\express\lib\router\index.js:47:12)
    at Layer.handle [as handle_request] (D:\Book_Store\bookStore\node_modules\express\lib\router\layer.js:95:5)
    at trim_prefix (D:\Book_Store\bookStore\node_modules\express\lib\router\index.js:328:13)
    at D:\Book_Store\bookStore\node_modules\express\lib\router\index.js:286:9
    at Function.process_params (D:\Book_Store\bookStore\node_modules\express\lib\router\index.js:346:12)
    at next (D:\Book_Store\bookStore\node_modules\express\lib\router\index.js:280:10)
    at Function.handle (D:\Book_Store\bookStore\node_modules\express\lib\router\index.js:175:3)
    at router (D:\Book_Store\bookStore\node_modules\express\lib\router\index.js:47:12)
    at Layer.handle [as handle_request] (D:\Book_Store\bookStore\node_modules\express\lib\router\layer.js:95:5)
    at trim_prefix (D:\Book_Store\bookStore\node_modules\express\lib\router\index.js:328:13)
    at D:\Book_Store\bookStore\node_modules\express\lib\router\index.js:286:9
    at Function.process_params (D:\Book_Store\bookStore\node_modules\express\lib\router\index.js:346:12)
    at next (D:\Book_Store\bookStore\node_modules\express\lib\router\index.js:280:10)
    at logger (D:\Book_Store\bookStore\node_modules\morgan\index.js:144:5)
    at Layer.handle [as handle_request] (D:\Book_Store\bookStore\node_modules\express\lib\router\layer.js:95:5)
    at trim_prefix (D:\Book_Store\bookStore\node_modules\express\lib\router\index.js:328:13)
    at D:\Book_Store\bookStore\node_modules\express\lib\router\index.js:286:9
    at Function.process_params (D:\Book_Store\bookStore\node_modules\express\lib\router\index.js:346:12)
    at next (D:\Book_Store\bookStore\node_modules\express\lib\router\index.js:280:10)
    at D:\Book_Store\bookStore\node_modules\body-parser\lib\read.js:137:5
    at AsyncResource.runInAsyncScope (node:async_hooks:204:9)
    at invokeCallback (D:\Book_Store\bookStore\node_modules\raw-body\index.js:231:16)
    at done (D:\Book_Store\bookStore\node_modules\raw-body\index.js:220:7)
    at IncomingMessage.onEnd (D:\Book_Store\bookStore\node_modules\raw-body\index.js:280:7)
    at IncomingMessage.emit (node:events:513:28)
    at IncomingMessage.emit (node:domain:489:12)
    at endReadableNT (node:internal/streams/readable:1359:12)
    at processTicksAndRejections (node:internal/process/task_queues:82:21) 
    url - /api/v1/books 
    method - GET 
    IP - ::1
   {"timestamp":"2023-03-31T10:22:48.994Z"}
info: Server started at http://localhost:3000/api/v1/ {"timestamp":"2023-03-31T10:25:40.175Z"}
info: Connected to the database. {"timestamp":"2023-03-31T10:25:40.191Z"}
error: 
    status - 500 
    message - TypeError: bookService.getAllbooks is not a function
    at _callee$ (D:\Book_Store\bookStore\src\controllers\/book.controller.js:12:36)
    at tryCatch (D:\Book_Store\bookStore\node_modules\@babel\runtime\helpers\regeneratorRuntime.js:44:17)
    at Generator.<anonymous> (D:\Book_Store\bookStore\node_modules\@babel\runtime\helpers\regeneratorRuntime.js:125:22)
    at Generator.next (D:\Book_Store\bookStore\node_modules\@babel\runtime\helpers\regeneratorRuntime.js:69:21)
    at asyncGeneratorStep (D:\Book_Store\bookStore\node_modules\@babel\runtime\helpers\asyncToGenerator.js:3:24)
    at _next (D:\Book_Store\bookStore\node_modules\@babel\runtime\helpers\asyncToGenerator.js:22:9)
    at D:\Book_Store\bookStore\node_modules\@babel\runtime\helpers\asyncToGenerator.js:27:7
    at new Promise (<anonymous>)
    at apply (D:\Book_Store\bookStore\node_modules\@babel\runtime\helpers\asyncToGenerator.js:19:12)
    at getAllBooks (D:\Book_Store\bookStore\src\controllers\/book.controller.js:10:25)
    at Layer.handle [as handle_request] (D:\Book_Store\bookStore\node_modules\express\lib\router\layer.js:95:5)
    at next (D:\Book_Store\bookStore\node_modules\express\lib\router\route.js:144:13)
    at Route.dispatch (D:\Book_Store\bookStore\node_modules\express\lib\router\route.js:114:3)
    at Layer.handle [as handle_request] (D:\Book_Store\bookStore\node_modules\express\lib\router\layer.js:95:5)
    at D:\Book_Store\bookStore\node_modules\express\lib\router\index.js:284:15
    at Function.process_params (D:\Book_Store\bookStore\node_modules\express\lib\router\index.js:346:12)
    at next (D:\Book_Store\bookStore\node_modules\express\lib\router\index.js:280:10)
    at Function.handle (D:\Book_Store\bookStore\node_modules\express\lib\router\index.js:175:3)
    at router (D:\Book_Store\bookStore\node_modules\express\lib\router\index.js:47:12)
    at Layer.handle [as handle_request] (D:\Book_Store\bookStore\node_modules\express\lib\router\layer.js:95:5)
    at trim_prefix (D:\Book_Store\bookStore\node_modules\express\lib\router\index.js:328:13)
    at D:\Book_Store\bookStore\node_modules\express\lib\router\index.js:286:9
    at Function.process_params (D:\Book_Store\bookStore\node_modules\express\lib\router\index.js:346:12)
    at next (D:\Book_Store\bookStore\node_modules\express\lib\router\index.js:280:10)
    at Function.handle (D:\Book_Store\bookStore\node_modules\express\lib\router\index.js:175:3)
    at router (D:\Book_Store\bookStore\node_modules\express\lib\router\index.js:47:12)
    at Layer.handle [as handle_request] (D:\Book_Store\bookStore\node_modules\express\lib\router\layer.js:95:5)
    at trim_prefix (D:\Book_Store\bookStore\node_modules\express\lib\router\index.js:328:13)
    at D:\Book_Store\bookStore\node_modules\express\lib\router\index.js:286:9
    at Function.process_params (D:\Book_Store\bookStore\node_modules\express\lib\router\index.js:346:12)
    at next (D:\Book_Store\bookStore\node_modules\express\lib\router\index.js:280:10)
    at logger (D:\Book_Store\bookStore\node_modules\morgan\index.js:144:5)
    at Layer.handle [as handle_request] (D:\Book_Store\bookStore\node_modules\express\lib\router\layer.js:95:5)
    at trim_prefix (D:\Book_Store\bookStore\node_modules\express\lib\router\index.js:328:13)
    at D:\Book_Store\bookStore\node_modules\express\lib\router\index.js:286:9
    at Function.process_params (D:\Book_Store\bookStore\node_modules\express\lib\router\index.js:346:12)
    at next (D:\Book_Store\bookStore\node_modules\express\lib\router\index.js:280:10)
    at D:\Book_Store\bookStore\node_modules\body-parser\lib\read.js:137:5
    at AsyncResource.runInAsyncScope (node:async_hooks:204:9)
    at invokeCallback (D:\Book_Store\bookStore\node_modules\raw-body\index.js:231:16)
    at done (D:\Book_Store\bookStore\node_modules\raw-body\index.js:220:7)
    at IncomingMessage.onEnd (D:\Book_Store\bookStore\node_modules\raw-body\index.js:280:7)
    at IncomingMessage.emit (node:events:513:28)
    at IncomingMessage.emit (node:domain:489:12)
    at endReadableNT (node:internal/streams/readable:1359:12)
    at processTicksAndRejections (node:internal/process/task_queues:82:21) 
    url - /api/v1/books 
    method - GET 
    IP - ::1
   {"timestamp":"2023-03-31T10:25:47.790Z"}
error: 
    status - 500 
    message - TypeError: bookService.getAllbooks is not a function
    at _callee$ (D:\Book_Store\bookStore\src\controllers\/book.controller.js:12:36)
    at tryCatch (D:\Book_Store\bookStore\node_modules\@babel\runtime\helpers\regeneratorRuntime.js:44:17)
    at Generator.<anonymous> (D:\Book_Store\bookStore\node_modules\@babel\runtime\helpers\regeneratorRuntime.js:125:22)
    at Generator.next (D:\Book_Store\bookStore\node_modules\@babel\runtime\helpers\regeneratorRuntime.js:69:21)
    at asyncGeneratorStep (D:\Book_Store\bookStore\node_modules\@babel\runtime\helpers\asyncToGenerator.js:3:24)
    at _next (D:\Book_Store\bookStore\node_modules\@babel\runtime\helpers\asyncToGenerator.js:22:9)
    at D:\Book_Store\bookStore\node_modules\@babel\runtime\helpers\asyncToGenerator.js:27:7
    at new Promise (<anonymous>)
    at apply (D:\Book_Store\bookStore\node_modules\@babel\runtime\helpers\asyncToGenerator.js:19:12)
    at getAllBooks (D:\Book_Store\bookStore\src\controllers\/book.controller.js:10:25)
    at Layer.handle [as handle_request] (D:\Book_Store\bookStore\node_modules\express\lib\router\layer.js:95:5)
    at next (D:\Book_Store\bookStore\node_modules\express\lib\router\route.js:144:13)
    at Route.dispatch (D:\Book_Store\bookStore\node_modules\express\lib\router\route.js:114:3)
    at Layer.handle [as handle_request] (D:\Book_Store\bookStore\node_modules\express\lib\router\layer.js:95:5)
    at D:\Book_Store\bookStore\node_modules\express\lib\router\index.js:284:15
    at Function.process_params (D:\Book_Store\bookStore\node_modules\express\lib\router\index.js:346:12)
    at next (D:\Book_Store\bookStore\node_modules\express\lib\router\index.js:280:10)
    at Function.handle (D:\Book_Store\bookStore\node_modules\express\lib\router\index.js:175:3)
    at router (D:\Book_Store\bookStore\node_modules\express\lib\router\index.js:47:12)
    at Layer.handle [as handle_request] (D:\Book_Store\bookStore\node_modules\express\lib\router\layer.js:95:5)
    at trim_prefix (D:\Book_Store\bookStore\node_modules\express\lib\router\index.js:328:13)
    at D:\Book_Store\bookStore\node_modules\express\lib\router\index.js:286:9
    at Function.process_params (D:\Book_Store\bookStore\node_modules\express\lib\router\index.js:346:12)
    at next (D:\Book_Store\bookStore\node_modules\express\lib\router\index.js:280:10)
    at Function.handle (D:\Book_Store\bookStore\node_modules\express\lib\router\index.js:175:3)
    at router (D:\Book_Store\bookStore\node_modules\express\lib\router\index.js:47:12)
    at Layer.handle [as handle_request] (D:\Book_Store\bookStore\node_modules\express\lib\router\layer.js:95:5)
    at trim_prefix (D:\Book_Store\bookStore\node_modules\express\lib\router\index.js:328:13)
    at D:\Book_Store\bookStore\node_modules\express\lib\router\index.js:286:9
    at Function.process_params (D:\Book_Store\bookStore\node_modules\express\lib\router\index.js:346:12)
    at next (D:\Book_Store\bookStore\node_modules\express\lib\router\index.js:280:10)
    at logger (D:\Book_Store\bookStore\node_modules\morgan\index.js:144:5)
    at Layer.handle [as handle_request] (D:\Book_Store\bookStore\node_modules\express\lib\router\layer.js:95:5)
    at trim_prefix (D:\Book_Store\bookStore\node_modules\express\lib\router\index.js:328:13)
    at D:\Book_Store\bookStore\node_modules\express\lib\router\index.js:286:9
    at Function.process_params (D:\Book_Store\bookStore\node_modules\express\lib\router\index.js:346:12)
    at next (D:\Book_Store\bookStore\node_modules\express\lib\router\index.js:280:10)
    at D:\Book_Store\bookStore\node_modules\body-parser\lib\read.js:137:5
    at AsyncResource.runInAsyncScope (node:async_hooks:204:9)
    at invokeCallback (D:\Book_Store\bookStore\node_modules\raw-body\index.js:231:16)
    at done (D:\Book_Store\bookStore\node_modules\raw-body\index.js:220:7)
    at IncomingMessage.onEnd (D:\Book_Store\bookStore\node_modules\raw-body\index.js:280:7)
    at IncomingMessage.emit (node:events:513:28)
    at IncomingMessage.emit (node:domain:489:12)
    at endReadableNT (node:internal/streams/readable:1359:12)
    at processTicksAndRejections (node:internal/process/task_queues:82:21) 
    url - /api/v1/books 
    method - GET 
    IP - ::1
   {"timestamp":"2023-03-31T10:25:50.308Z"}
info: Server started at http://localhost:3000/api/v1/ {"timestamp":"2023-03-31T10:26:01.513Z"}
info: Connected to the database. {"timestamp":"2023-03-31T10:26:01.529Z"}
error: 
    status - 500 
    message - TypeError: bookService.getAllbooks is not a function
    at _callee$ (D:\Book_Store\bookStore\src\controllers\/book.controller.js:12:36)
    at tryCatch (D:\Book_Store\bookStore\node_modules\@babel\runtime\helpers\regeneratorRuntime.js:44:17)
    at Generator.<anonymous> (D:\Book_Store\bookStore\node_modules\@babel\runtime\helpers\regeneratorRuntime.js:125:22)
    at Generator.next (D:\Book_Store\bookStore\node_modules\@babel\runtime\helpers\regeneratorRuntime.js:69:21)
    at asyncGeneratorStep (D:\Book_Store\bookStore\node_modules\@babel\runtime\helpers\asyncToGenerator.js:3:24)
    at _next (D:\Book_Store\bookStore\node_modules\@babel\runtime\helpers\asyncToGenerator.js:22:9)
    at D:\Book_Store\bookStore\node_modules\@babel\runtime\helpers\asyncToGenerator.js:27:7
    at new Promise (<anonymous>)
    at apply (D:\Book_Store\bookStore\node_modules\@babel\runtime\helpers\asyncToGenerator.js:19:12)
    at getAllBooks (D:\Book_Store\bookStore\src\controllers\/book.controller.js:10:25)
    at Layer.handle [as handle_request] (D:\Book_Store\bookStore\node_modules\express\lib\router\layer.js:95:5)
    at next (D:\Book_Store\bookStore\node_modules\express\lib\router\route.js:144:13)
    at Route.dispatch (D:\Book_Store\bookStore\node_modules\express\lib\router\route.js:114:3)
    at Layer.handle [as handle_request] (D:\Book_Store\bookStore\node_modules\express\lib\router\layer.js:95:5)
    at D:\Book_Store\bookStore\node_modules\express\lib\router\index.js:284:15
    at Function.process_params (D:\Book_Store\bookStore\node_modules\express\lib\router\index.js:346:12)
    at next (D:\Book_Store\bookStore\node_modules\express\lib\router\index.js:280:10)
    at Function.handle (D:\Book_Store\bookStore\node_modules\express\lib\router\index.js:175:3)
    at router (D:\Book_Store\bookStore\node_modules\express\lib\router\index.js:47:12)
    at Layer.handle [as handle_request] (D:\Book_Store\bookStore\node_modules\express\lib\router\layer.js:95:5)
    at trim_prefix (D:\Book_Store\bookStore\node_modules\express\lib\router\index.js:328:13)
    at D:\Book_Store\bookStore\node_modules\express\lib\router\index.js:286:9
    at Function.process_params (D:\Book_Store\bookStore\node_modules\express\lib\router\index.js:346:12)
    at next (D:\Book_Store\bookStore\node_modules\express\lib\router\index.js:280:10)
    at Function.handle (D:\Book_Store\bookStore\node_modules\express\lib\router\index.js:175:3)
    at router (D:\Book_Store\bookStore\node_modules\express\lib\router\index.js:47:12)
    at Layer.handle [as handle_request] (D:\Book_Store\bookStore\node_modules\express\lib\router\layer.js:95:5)
    at trim_prefix (D:\Book_Store\bookStore\node_modules\express\lib\router\index.js:328:13)
    at D:\Book_Store\bookStore\node_modules\express\lib\router\index.js:286:9
    at Function.process_params (D:\Book_Store\bookStore\node_modules\express\lib\router\index.js:346:12)
    at next (D:\Book_Store\bookStore\node_modules\express\lib\router\index.js:280:10)
    at logger (D:\Book_Store\bookStore\node_modules\morgan\index.js:144:5)
    at Layer.handle [as handle_request] (D:\Book_Store\bookStore\node_modules\express\lib\router\layer.js:95:5)
    at trim_prefix (D:\Book_Store\bookStore\node_modules\express\lib\router\index.js:328:13)
    at D:\Book_Store\bookStore\node_modules\express\lib\router\index.js:286:9
    at Function.process_params (D:\Book_Store\bookStore\node_modules\express\lib\router\index.js:346:12)
    at next (D:\Book_Store\bookStore\node_modules\express\lib\router\index.js:280:10)
    at D:\Book_Store\bookStore\node_modules\body-parser\lib\read.js:137:5
    at AsyncResource.runInAsyncScope (node:async_hooks:204:9)
    at invokeCallback (D:\Book_Store\bookStore\node_modules\raw-body\index.js:231:16)
    at done (D:\Book_Store\bookStore\node_modules\raw-body\index.js:220:7)
    at IncomingMessage.onEnd (D:\Book_Store\bookStore\node_modules\raw-body\index.js:280:7)
    at IncomingMessage.emit (node:events:513:28)
    at IncomingMessage.emit (node:domain:489:12)
    at endReadableNT (node:internal/streams/readable:1359:12)
    at processTicksAndRejections (node:internal/process/task_queues:82:21) 
    url - /api/v1/books 
    method - GET 
    IP - ::1
   {"timestamp":"2023-03-31T10:26:09.715Z"}
info: Server started at http://localhost:3000/api/v1/ {"timestamp":"2023-03-31T10:26:50.362Z"}
info: Connected to the database. {"timestamp":"2023-03-31T10:26:50.383Z"}
info: Server started at http://localhost:3000/api/v1/ {"timestamp":"2023-03-31T10:27:49.063Z"}
info: Connected to the database. {"timestamp":"2023-03-31T10:27:49.080Z"}
error: 
    status - 500 
    message - TypeError: Cannot read properties of undefined (reading 'userID')
    at _callee$ (D:\Book_Store\bookStore\src\controllers\/book.controller.js:12:57)
    at tryCatch (D:\Book_Store\bookStore\node_modules\@babel\runtime\helpers\regeneratorRuntime.js:44:17)
    at Generator.<anonymous> (D:\Book_Store\bookStore\node_modules\@babel\runtime\helpers\regeneratorRuntime.js:125:22)
    at Generator.next (D:\Book_Store\bookStore\node_modules\@babel\runtime\helpers\regeneratorRuntime.js:69:21)
    at asyncGeneratorStep (D:\Book_Store\bookStore\node_modules\@babel\runtime\helpers\asyncToGenerator.js:3:24)
    at _next (D:\Book_Store\bookStore\node_modules\@babel\runtime\helpers\asyncToGenerator.js:22:9)
    at D:\Book_Store\bookStore\node_modules\@babel\runtime\helpers\asyncToGenerator.js:27:7
    at new Promise (<anonymous>)
    at apply (D:\Book_Store\bookStore\node_modules\@babel\runtime\helpers\asyncToGenerator.js:19:12)
    at getAllBooks (D:\Book_Store\bookStore\src\controllers\/book.controller.js:10:25)
    at Layer.handle [as handle_request] (D:\Book_Store\bookStore\node_modules\express\lib\router\layer.js:95:5)
    at next (D:\Book_Store\bookStore\node_modules\express\lib\router\route.js:144:13)
    at Route.dispatch (D:\Book_Store\bookStore\node_modules\express\lib\router\route.js:114:3)
    at Layer.handle [as handle_request] (D:\Book_Store\bookStore\node_modules\express\lib\router\layer.js:95:5)
    at D:\Book_Store\bookStore\node_modules\express\lib\router\index.js:284:15
    at Function.process_params (D:\Book_Store\bookStore\node_modules\express\lib\router\index.js:346:12)
    at next (D:\Book_Store\bookStore\node_modules\express\lib\router\index.js:280:10)
    at Function.handle (D:\Book_Store\bookStore\node_modules\express\lib\router\index.js:175:3)
    at router (D:\Book_Store\bookStore\node_modules\express\lib\router\index.js:47:12)
    at Layer.handle [as handle_request] (D:\Book_Store\bookStore\node_modules\express\lib\router\layer.js:95:5)
    at trim_prefix (D:\Book_Store\bookStore\node_modules\express\lib\router\index.js:328:13)
    at D:\Book_Store\bookStore\node_modules\express\lib\router\index.js:286:9
    at Function.process_params (D:\Book_Store\bookStore\node_modules\express\lib\router\index.js:346:12)
    at next (D:\Book_Store\bookStore\node_modules\express\lib\router\index.js:280:10)
    at Function.handle (D:\Book_Store\bookStore\node_modules\express\lib\router\index.js:175:3)
    at router (D:\Book_Store\bookStore\node_modules\express\lib\router\index.js:47:12)
    at Layer.handle [as handle_request] (D:\Book_Store\bookStore\node_modules\express\lib\router\layer.js:95:5)
    at trim_prefix (D:\Book_Store\bookStore\node_modules\express\lib\router\index.js:328:13)
    at D:\Book_Store\bookStore\node_modules\express\lib\router\index.js:286:9
    at Function.process_params (D:\Book_Store\bookStore\node_modules\express\lib\router\index.js:346:12)
    at next (D:\Book_Store\bookStore\node_modules\express\lib\router\index.js:280:10)
    at logger (D:\Book_Store\bookStore\node_modules\morgan\index.js:144:5)
    at Layer.handle [as handle_request] (D:\Book_Store\bookStore\node_modules\express\lib\router\layer.js:95:5)
    at trim_prefix (D:\Book_Store\bookStore\node_modules\express\lib\router\index.js:328:13)
    at D:\Book_Store\bookStore\node_modules\express\lib\router\index.js:286:9
    at Function.process_params (D:\Book_Store\bookStore\node_modules\express\lib\router\index.js:346:12)
    at next (D:\Book_Store\bookStore\node_modules\express\lib\router\index.js:280:10)
    at D:\Book_Store\bookStore\node_modules\body-parser\lib\read.js:137:5
    at AsyncResource.runInAsyncScope (node:async_hooks:204:9)
    at invokeCallback (D:\Book_Store\bookStore\node_modules\raw-body\index.js:231:16)
    at done (D:\Book_Store\bookStore\node_modules\raw-body\index.js:220:7)
    at IncomingMessage.onEnd (D:\Book_Store\bookStore\node_modules\raw-body\index.js:280:7)
    at IncomingMessage.emit (node:events:513:28)
    at IncomingMessage.emit (node:domain:489:12)
    at endReadableNT (node:internal/streams/readable:1359:12)
    at processTicksAndRejections (node:internal/process/task_queues:82:21) 
    url - /api/v1/books 
    method - GET 
    IP - ::1
   {"timestamp":"2023-03-31T10:27:54.538Z"}
info: Server started at http://localhost:3000/api/v1/ {"timestamp":"2023-03-31T10:29:43.815Z"}
info: Connected to the database. {"timestamp":"2023-03-31T10:29:43.839Z"}
info: Server started at http://localhost:3000/api/v1/ {"timestamp":"2023-03-31T10:30:52.185Z"}
info: Connected to the database. {"timestamp":"2023-03-31T10:30:52.201Z"}
error: 
    status - 500 
    message - TypeError: Cannot read properties of undefined (reading 'userID')
    at _callee$ (D:\Book_Store\bookStore\src\controllers\/book.controller.js:12:57)
    at tryCatch (D:\Book_Store\bookStore\node_modules\@babel\runtime\helpers\regeneratorRuntime.js:44:17)
    at Generator.<anonymous> (D:\Book_Store\bookStore\node_modules\@babel\runtime\helpers\regeneratorRuntime.js:125:22)
    at Generator.next (D:\Book_Store\bookStore\node_modules\@babel\runtime\helpers\regeneratorRuntime.js:69:21)
    at asyncGeneratorStep (D:\Book_Store\bookStore\node_modules\@babel\runtime\helpers\asyncToGenerator.js:3:24)
    at _next (D:\Book_Store\bookStore\node_modules\@babel\runtime\helpers\asyncToGenerator.js:22:9)
    at D:\Book_Store\bookStore\node_modules\@babel\runtime\helpers\asyncToGenerator.js:27:7
    at new Promise (<anonymous>)
    at apply (D:\Book_Store\bookStore\node_modules\@babel\runtime\helpers\asyncToGenerator.js:19:12)
    at getAllBooks (D:\Book_Store\bookStore\src\controllers\/book.controller.js:10:25)
    at Layer.handle [as handle_request] (D:\Book_Store\bookStore\node_modules\express\lib\router\layer.js:95:5)
    at next (D:\Book_Store\bookStore\node_modules\express\lib\router\route.js:144:13)
    at Route.dispatch (D:\Book_Store\bookStore\node_modules\express\lib\router\route.js:114:3)
    at Layer.handle [as handle_request] (D:\Book_Store\bookStore\node_modules\express\lib\router\layer.js:95:5)
    at D:\Book_Store\bookStore\node_modules\express\lib\router\index.js:284:15
    at Function.process_params (D:\Book_Store\bookStore\node_modules\express\lib\router\index.js:346:12)
    at next (D:\Book_Store\bookStore\node_modules\express\lib\router\index.js:280:10)
    at Function.handle (D:\Book_Store\bookStore\node_modules\express\lib\router\index.js:175:3)
    at router (D:\Book_Store\bookStore\node_modules\express\lib\router\index.js:47:12)
    at Layer.handle [as handle_request] (D:\Book_Store\bookStore\node_modules\express\lib\router\layer.js:95:5)
    at trim_prefix (D:\Book_Store\bookStore\node_modules\express\lib\router\index.js:328:13)
    at D:\Book_Store\bookStore\node_modules\express\lib\router\index.js:286:9
    at Function.process_params (D:\Book_Store\bookStore\node_modules\express\lib\router\index.js:346:12)
    at next (D:\Book_Store\bookStore\node_modules\express\lib\router\index.js:280:10)
    at Function.handle (D:\Book_Store\bookStore\node_modules\express\lib\router\index.js:175:3)
    at router (D:\Book_Store\bookStore\node_modules\express\lib\router\index.js:47:12)
    at Layer.handle [as handle_request] (D:\Book_Store\bookStore\node_modules\express\lib\router\layer.js:95:5)
    at trim_prefix (D:\Book_Store\bookStore\node_modules\express\lib\router\index.js:328:13)
    at D:\Book_Store\bookStore\node_modules\express\lib\router\index.js:286:9
    at Function.process_params (D:\Book_Store\bookStore\node_modules\express\lib\router\index.js:346:12)
    at next (D:\Book_Store\bookStore\node_modules\express\lib\router\index.js:280:10)
    at logger (D:\Book_Store\bookStore\node_modules\morgan\index.js:144:5)
    at Layer.handle [as handle_request] (D:\Book_Store\bookStore\node_modules\express\lib\router\layer.js:95:5)
    at trim_prefix (D:\Book_Store\bookStore\node_modules\express\lib\router\index.js:328:13)
    at D:\Book_Store\bookStore\node_modules\express\lib\router\index.js:286:9
    at Function.process_params (D:\Book_Store\bookStore\node_modules\express\lib\router\index.js:346:12)
    at next (D:\Book_Store\bookStore\node_modules\express\lib\router\index.js:280:10)
    at D:\Book_Store\bookStore\node_modules\body-parser\lib\read.js:137:5
    at AsyncResource.runInAsyncScope (node:async_hooks:204:9)
    at invokeCallback (D:\Book_Store\bookStore\node_modules\raw-body\index.js:231:16)
    at done (D:\Book_Store\bookStore\node_modules\raw-body\index.js:220:7)
    at IncomingMessage.onEnd (D:\Book_Store\bookStore\node_modules\raw-body\index.js:280:7)
    at IncomingMessage.emit (node:events:513:28)
    at IncomingMessage.emit (node:domain:489:12)
    at endReadableNT (node:internal/streams/readable:1359:12)
    at processTicksAndRejections (node:internal/process/task_queues:82:21) 
    url - /api/v1/books 
    method - GET 
    IP - ::1
   {"timestamp":"2023-03-31T10:30:58.761Z"}
info: Server started at http://localhost:3000/api/v1/ {"timestamp":"2023-03-31T10:32:05.549Z"}
info: Connected to the database. {"timestamp":"2023-03-31T10:32:05.565Z"}
error: 
    status - 500 
    message - TypeError: Cannot read properties of undefined (reading 'userID')
    at _callee$ (D:\Book_Store\bookStore\src\controllers\/book.controller.js:12:57)
    at tryCatch (D:\Book_Store\bookStore\node_modules\@babel\runtime\helpers\regeneratorRuntime.js:44:17)
    at Generator.<anonymous> (D:\Book_Store\bookStore\node_modules\@babel\runtime\helpers\regeneratorRuntime.js:125:22)
    at Generator.next (D:\Book_Store\bookStore\node_modules\@babel\runtime\helpers\regeneratorRuntime.js:69:21)
    at asyncGeneratorStep (D:\Book_Store\bookStore\node_modules\@babel\runtime\helpers\asyncToGenerator.js:3:24)
    at _next (D:\Book_Store\bookStore\node_modules\@babel\runtime\helpers\asyncToGenerator.js:22:9)
    at D:\Book_Store\bookStore\node_modules\@babel\runtime\helpers\asyncToGenerator.js:27:7
    at new Promise (<anonymous>)
    at apply (D:\Book_Store\bookStore\node_modules\@babel\runtime\helpers\asyncToGenerator.js:19:12)
    at getAllBooks (D:\Book_Store\bookStore\src\controllers\/book.controller.js:10:25)
    at Layer.handle [as handle_request] (D:\Book_Store\bookStore\node_modules\express\lib\router\layer.js:95:5)
    at next (D:\Book_Store\bookStore\node_modules\express\lib\router\route.js:144:13)
    at Route.dispatch (D:\Book_Store\bookStore\node_modules\express\lib\router\route.js:114:3)
    at Layer.handle [as handle_request] (D:\Book_Store\bookStore\node_modules\express\lib\router\layer.js:95:5)
    at D:\Book_Store\bookStore\node_modules\express\lib\router\index.js:284:15
    at Function.process_params (D:\Book_Store\bookStore\node_modules\express\lib\router\index.js:346:12)
    at next (D:\Book_Store\bookStore\node_modules\express\lib\router\index.js:280:10)
    at Function.handle (D:\Book_Store\bookStore\node_modules\express\lib\router\index.js:175:3)
    at router (D:\Book_Store\bookStore\node_modules\express\lib\router\index.js:47:12)
    at Layer.handle [as handle_request] (D:\Book_Store\bookStore\node_modules\express\lib\router\layer.js:95:5)
    at trim_prefix (D:\Book_Store\bookStore\node_modules\express\lib\router\index.js:328:13)
    at D:\Book_Store\bookStore\node_modules\express\lib\router\index.js:286:9
    at Function.process_params (D:\Book_Store\bookStore\node_modules\express\lib\router\index.js:346:12)
    at next (D:\Book_Store\bookStore\node_modules\express\lib\router\index.js:280:10)
    at Function.handle (D:\Book_Store\bookStore\node_modules\express\lib\router\index.js:175:3)
    at router (D:\Book_Store\bookStore\node_modules\express\lib\router\index.js:47:12)
    at Layer.handle [as handle_request] (D:\Book_Store\bookStore\node_modules\express\lib\router\layer.js:95:5)
    at trim_prefix (D:\Book_Store\bookStore\node_modules\express\lib\router\index.js:328:13)
    at D:\Book_Store\bookStore\node_modules\express\lib\router\index.js:286:9
    at Function.process_params (D:\Book_Store\bookStore\node_modules\express\lib\router\index.js:346:12)
    at next (D:\Book_Store\bookStore\node_modules\express\lib\router\index.js:280:10)
    at logger (D:\Book_Store\bookStore\node_modules\morgan\index.js:144:5)
    at Layer.handle [as handle_request] (D:\Book_Store\bookStore\node_modules\express\lib\router\layer.js:95:5)
    at trim_prefix (D:\Book_Store\bookStore\node_modules\express\lib\router\index.js:328:13)
    at D:\Book_Store\bookStore\node_modules\express\lib\router\index.js:286:9
    at Function.process_params (D:\Book_Store\bookStore\node_modules\express\lib\router\index.js:346:12)
    at next (D:\Book_Store\bookStore\node_modules\express\lib\router\index.js:280:10)
    at D:\Book_Store\bookStore\node_modules\body-parser\lib\read.js:137:5
    at AsyncResource.runInAsyncScope (node:async_hooks:204:9)
    at invokeCallback (D:\Book_Store\bookStore\node_modules\raw-body\index.js:231:16)
    at done (D:\Book_Store\bookStore\node_modules\raw-body\index.js:220:7)
    at IncomingMessage.onEnd (D:\Book_Store\bookStore\node_modules\raw-body\index.js:280:7)
    at IncomingMessage.emit (node:events:513:28)
    at IncomingMessage.emit (node:domain:489:12)
    at endReadableNT (node:internal/streams/readable:1359:12)
    at processTicksAndRejections (node:internal/process/task_queues:82:21) 
    url - /api/v1/books 
    method - GET 
    IP - ::1
   {"timestamp":"2023-03-31T10:32:11.149Z"}
info: Server started at http://localhost:3000/api/v1/ {"timestamp":"2023-03-31T10:33:05.655Z"}
info: Connected to the database. {"timestamp":"2023-03-31T10:33:05.672Z"}
info: Server started at http://localhost:3000/api/v1/ {"timestamp":"2023-03-31T10:33:36.642Z"}
info: Connected to the database. {"timestamp":"2023-03-31T10:33:36.659Z"}
info: Server started at http://localhost:3000/api/v1/ {"timestamp":"2023-03-31T10:34:25.479Z"}
info: Connected to the database. {"timestamp":"2023-03-31T10:34:25.500Z"}
info: Server started at http://localhost:3000/api/v1/ {"timestamp":"2023-03-31T10:35:41.544Z"}
info: Connected to the database. {"timestamp":"2023-03-31T10:35:41.564Z"}
info: Server started at http://localhost:3000/api/v1/ {"timestamp":"2023-03-31T10:38:56.477Z"}
info: Connected to the database. {"timestamp":"2023-03-31T10:38:56.503Z"}
info: Server started at http://localhost:3000/api/v1/ {"timestamp":"2023-03-31T10:40:53.370Z"}
info: Connected to the database. {"timestamp":"2023-03-31T10:40:53.396Z"}
info: Server started at http://localhost:3000/api/v1/ {"timestamp":"2023-03-31T10:43:16.914Z"}
info: Connected to the database. {"timestamp":"2023-03-31T10:43:16.936Z"}
info: Server started at http://localhost:3000/api/v1/ {"timestamp":"2023-03-31T10:50:46.106Z"}
info: Connected to the database. {"timestamp":"2023-03-31T10:50:46.126Z"}
info: Server started at http://localhost:3000/api/v1/ {"timestamp":"2023-03-31T10:57:00.373Z"}
info: Connected to the database. {"timestamp":"2023-03-31T10:57:00.463Z"}
info: Server started at http://localhost:3000/api/v1/ {"timestamp":"2023-03-31T10:58:57.627Z"}
info: Connected to the database. {"timestamp":"2023-03-31T10:58:57.698Z"}
info: Server started at http://localhost:3000/api/v1/ {"timestamp":"2023-03-31T11:01:13.798Z"}
info: Connected to the database. {"timestamp":"2023-03-31T11:01:13.881Z"}
info: Server started at http://localhost:3000/api/v1/ {"timestamp":"2023-03-31T11:03:27.069Z"}
info: Connected to the database. {"timestamp":"2023-03-31T11:03:27.151Z"}
info: Server started at http://localhost:3000/api/v1/ {"timestamp":"2023-03-31T11:06:15.517Z"}
info: Connected to the database. {"timestamp":"2023-03-31T11:06:15.598Z"}
info: Server started at http://localhost:3000/api/v1/ {"timestamp":"2023-03-31T11:07:23.762Z"}
info: Connected to the database. {"timestamp":"2023-03-31T11:07:23.843Z"}
info: Server started at http://localhost:3000/api/v1/ {"timestamp":"2023-03-31T11:10:52.301Z"}
info: Connected to the database. {"timestamp":"2023-03-31T11:10:52.396Z"}
info: Server started at http://localhost:3000/api/v1/ {"timestamp":"2023-03-31T13:28:36.267Z"}
info: Connected to the database. {"timestamp":"2023-03-31T13:28:36.459Z"}
error: uncaughtException: cartRoute is not defined
ReferenceError: cartRoute is not defined
    at routes (D:\Book_Store\bookStore\src\routes\/index.js:19:23)
    at Object.<anonymous> (D:\Book_Store\bookStore\src\/index.js:32:38)
    at Module._compile (node:internal/modules/cjs/loader:1218:14)
    at Module._compile (D:\Book_Store\bookStore\node_modules\pirates\lib\index.js:136:24)
    at Module._extensions..js (node:internal/modules/cjs/loader:1272:10)
    at Object.newLoader [as .js] (D:\Book_Store\bookStore\node_modules\pirates\lib\index.js:141:7)
    at Module.load (node:internal/modules/cjs/loader:1081:32)
    at Function.Module._load (node:internal/modules/cjs/loader:922:12)
    at Function.runMain (node:internal/modules/run_main:81:12)
    at Object.<anonymous> (D:\Book_Store\bookStore\node_modules\@babel\node\src\_babel-node.ts:223:12)
    at Module._compile (node:internal/modules/cjs/loader:1218:14)
    at Object.Module._extensions..js (node:internal/modules/cjs/loader:1272:10)
    at Module.load (node:internal/modules/cjs/loader:1081:32)
    at Function.Module._load (node:internal/modules/cjs/loader:922:12)
    at Function.executeUserEntryPoint [as runMain] (node:internal/modules/run_main:81:12)
    at node:internal/main/run_main_module:23:47 {"date":"Sun Apr 02 2023 18:53:20 GMT+0530 (India Standard Time)","error":{},"exception":true,"os":{"loadavg":[0,0,0],"uptime":210254.062},"process":{"argv":["node","D:\\Book_Store\\bookStore\\src\\index.js"],"cwd":"D:\\Book_Store\\bookStore","execPath":"C:\\Program Files\\nodejs\\node.exe","gid":null,"memoryUsage":{"arrayBuffers":18594507,"external":20110777,"heapTotal":61026304,"heapUsed":53214464,"rss":99192832},"pid":27284,"uid":null,"version":"v18.13.0"},"stack":"ReferenceError: cartRoute is not defined\n    at routes (D:\\Book_Store\\bookStore\\src\\routes\\/index.js:19:23)\n    at Object.<anonymous> (D:\\Book_Store\\bookStore\\src\\/index.js:32:38)\n    at Module._compile (node:internal/modules/cjs/loader:1218:14)\n    at Module._compile (D:\\Book_Store\\bookStore\\node_modules\\pirates\\lib\\index.js:136:24)\n    at Module._extensions..js (node:internal/modules/cjs/loader:1272:10)\n    at Object.newLoader [as .js] (D:\\Book_Store\\bookStore\\node_modules\\pirates\\lib\\index.js:141:7)\n    at Module.load (node:internal/modules/cjs/loader:1081:32)\n    at Function.Module._load (node:internal/modules/cjs/loader:922:12)\n    at Function.runMain (node:internal/modules/run_main:81:12)\n    at Object.<anonymous> (D:\\Book_Store\\bookStore\\node_modules\\@babel\\node\\src\\_babel-node.ts:223:12)\n    at Module._compile (node:internal/modules/cjs/loader:1218:14)\n    at Object.Module._extensions..js (node:internal/modules/cjs/loader:1272:10)\n    at Module.load (node:internal/modules/cjs/loader:1081:32)\n    at Function.Module._load (node:internal/modules/cjs/loader:922:12)\n    at Function.executeUserEntryPoint [as runMain] (node:internal/modules/run_main:81:12)\n    at node:internal/main/run_main_module:23:47","timestamp":"2023-04-02T13:23:20.502Z","trace":[{"column":23,"file":"D:\\Book_Store\\bookStore\\src\\routes\\/index.js","function":"routes","line":19,"method":null,"native":false},{"column":38,"file":"D:\\Book_Store\\bookStore\\src\\/index.js","function":null,"line":32,"method":null,"native":false},{"column":14,"file":"node:internal/modules/cjs/loader","function":"Module._compile","line":1218,"method":"_compile","native":false},{"column":24,"file":"D:\\Book_Store\\bookStore\\node_modules\\pirates\\lib\\index.js","function":"Module._compile","line":136,"method":"_compile","native":false},{"column":10,"file":"node:internal/modules/cjs/loader","function":"Module._extensions..js","line":1272,"method":".js","native":false},{"column":7,"file":"D:\\Book_Store\\bookStore\\node_modules\\pirates\\lib\\index.js","function":"Object.newLoader [as .js]","line":141,"method":"js]","native":false},{"column":32,"file":"node:internal/modules/cjs/loader","function":"Module.load","line":1081,"method":"load","native":false},{"column":12,"file":"node:internal/modules/cjs/loader","function":"Module._load","line":922,"method":"_load","native":false},{"column":12,"file":"node:internal/modules/run_main","function":"Function.runMain","line":81,"method":"runMain","native":false},{"column":12,"file":"D:\\Book_Store\\bookStore\\node_modules\\@babel\\node\\src\\_babel-node.ts","function":null,"line":223,"method":null,"native":false},{"column":14,"file":"node:internal/modules/cjs/loader","function":"Module._compile","line":1218,"method":"_compile","native":false},{"column":10,"file":"node:internal/modules/cjs/loader","function":"Module._extensions..js","line":1272,"method":".js","native":false},{"column":32,"file":"node:internal/modules/cjs/loader","function":"Module.load","line":1081,"method":"load","native":false},{"column":12,"file":"node:internal/modules/cjs/loader","function":"Module._load","line":922,"method":"_load","native":false},{"column":12,"file":"node:internal/modules/run_main","function":"Function.executeUserEntryPoint [as runMain]","line":81,"method":"executeUserEntryPoint [as runMain]","native":false},{"column":47,"file":"node:internal/main/run_main_module","function":null,"line":23,"method":null,"native":false}]}
error: uncaughtException: Router.use() requires a middleware function but got a Object
TypeError: Router.use() requires a middleware function but got a Object
    at Function.use (D:\Book_Store\bookStore\node_modules\express\lib\router\index.js:469:13)
    at routes (D:\Book_Store\bookStore\src\routes\/index.js:20:10)
    at Object.<anonymous> (D:\Book_Store\bookStore\src\/index.js:32:38)
    at Module._compile (node:internal/modules/cjs/loader:1218:14)
    at Module._compile (D:\Book_Store\bookStore\node_modules\pirates\lib\index.js:136:24)
    at Module._extensions..js (node:internal/modules/cjs/loader:1272:10)
    at Object.newLoader [as .js] (D:\Book_Store\bookStore\node_modules\pirates\lib\index.js:141:7)
    at Module.load (node:internal/modules/cjs/loader:1081:32)
    at Function.Module._load (node:internal/modules/cjs/loader:922:12)
    at Function.runMain (node:internal/modules/run_main:81:12)
    at Object.<anonymous> (D:\Book_Store\bookStore\node_modules\@babel\node\src\_babel-node.ts:223:12)
    at Module._compile (node:internal/modules/cjs/loader:1218:14)
    at Object.Module._extensions..js (node:internal/modules/cjs/loader:1272:10)
    at Module.load (node:internal/modules/cjs/loader:1081:32)
    at Function.Module._load (node:internal/modules/cjs/loader:922:12)
    at Function.executeUserEntryPoint [as runMain] (node:internal/modules/run_main:81:12)
    at node:internal/main/run_main_module:23:47 {"date":"Sun Apr 02 2023 18:55:54 GMT+0530 (India Standard Time)","error":{},"exception":true,"os":{"loadavg":[0,0,0],"uptime":210407.937},"process":{"argv":["node","D:\\Book_Store\\bookStore\\src\\index.js"],"cwd":"D:\\Book_Store\\bookStore","execPath":"C:\\Program Files\\nodejs\\node.exe","gid":null,"memoryUsage":{"arrayBuffers":19049817,"external":20566814,"heapTotal":90386432,"heapUsed":68888576,"rss":132853760},"pid":1972,"uid":null,"version":"v18.13.0"},"stack":"TypeError: Router.use() requires a middleware function but got a Object\n    at Function.use (D:\\Book_Store\\bookStore\\node_modules\\express\\lib\\router\\index.js:469:13)\n    at routes (D:\\Book_Store\\bookStore\\src\\routes\\/index.js:20:10)\n    at Object.<anonymous> (D:\\Book_Store\\bookStore\\src\\/index.js:32:38)\n    at Module._compile (node:internal/modules/cjs/loader:1218:14)\n    at Module._compile (D:\\Book_Store\\bookStore\\node_modules\\pirates\\lib\\index.js:136:24)\n    at Module._extensions..js (node:internal/modules/cjs/loader:1272:10)\n    at Object.newLoader [as .js] (D:\\Book_Store\\bookStore\\node_modules\\pirates\\lib\\index.js:141:7)\n    at Module.load (node:internal/modules/cjs/loader:1081:32)\n    at Function.Module._load (node:internal/modules/cjs/loader:922:12)\n    at Function.runMain (node:internal/modules/run_main:81:12)\n    at Object.<anonymous> (D:\\Book_Store\\bookStore\\node_modules\\@babel\\node\\src\\_babel-node.ts:223:12)\n    at Module._compile (node:internal/modules/cjs/loader:1218:14)\n    at Object.Module._extensions..js (node:internal/modules/cjs/loader:1272:10)\n    at Module.load (node:internal/modules/cjs/loader:1081:32)\n    at Function.Module._load (node:internal/modules/cjs/loader:922:12)\n    at Function.executeUserEntryPoint [as runMain] (node:internal/modules/run_main:81:12)\n    at node:internal/main/run_main_module:23:47","timestamp":"2023-04-02T13:25:54.375Z","trace":[{"column":13,"file":"D:\\Book_Store\\bookStore\\node_modules\\express\\lib\\router\\index.js","function":"Function.use","line":469,"method":"use","native":false},{"column":10,"file":"D:\\Book_Store\\bookStore\\src\\routes\\/index.js","function":"routes","line":20,"method":null,"native":false},{"column":38,"file":"D:\\Book_Store\\bookStore\\src\\/index.js","function":null,"line":32,"method":null,"native":false},{"column":14,"file":"node:internal/modules/cjs/loader","function":"Module._compile","line":1218,"method":"_compile","native":false},{"column":24,"file":"D:\\Book_Store\\bookStore\\node_modules\\pirates\\lib\\index.js","function":"Module._compile","line":136,"method":"_compile","native":false},{"column":10,"file":"node:internal/modules/cjs/loader","function":"Module._extensions..js","line":1272,"method":".js","native":false},{"column":7,"file":"D:\\Book_Store\\bookStore\\node_modules\\pirates\\lib\\index.js","function":"Object.newLoader [as .js]","line":141,"method":"js]","native":false},{"column":32,"file":"node:internal/modules/cjs/loader","function":"Module.load","line":1081,"method":"load","native":false},{"column":12,"file":"node:internal/modules/cjs/loader","function":"Module._load","line":922,"method":"_load","native":false},{"column":12,"file":"node:internal/modules/run_main","function":"Function.runMain","line":81,"method":"runMain","native":false},{"column":12,"file":"D:\\Book_Store\\bookStore\\node_modules\\@babel\\node\\src\\_babel-node.ts","function":null,"line":223,"method":null,"native":false},{"column":14,"file":"node:internal/modules/cjs/loader","function":"Module._compile","line":1218,"method":"_compile","native":false},{"column":10,"file":"node:internal/modules/cjs/loader","function":"Module._extensions..js","line":1272,"method":".js","native":false},{"column":32,"file":"node:internal/modules/cjs/loader","function":"Module.load","line":1081,"method":"load","native":false},{"column":12,"file":"node:internal/modules/cjs/loader","function":"Module._load","line":922,"method":"_load","native":false},{"column":12,"file":"node:internal/modules/run_main","function":"Function.executeUserEntryPoint [as runMain]","line":81,"method":"executeUserEntryPoint [as runMain]","native":false},{"column":47,"file":"node:internal/main/run_main_module","function":null,"line":23,"method":null,"native":false}]}
error: uncaughtException: Router.use() requires a middleware function but got a Object
TypeError: Router.use() requires a middleware function but got a Object
    at Function.use (D:\Book_Store\bookStore\node_modules\express\lib\router\index.js:469:13)
    at routes (D:\Book_Store\bookStore\src\routes\/index.js:20:10)
    at Object.<anonymous> (D:\Book_Store\bookStore\src\/index.js:32:38)
    at Module._compile (node:internal/modules/cjs/loader:1218:14)
    at Module._compile (D:\Book_Store\bookStore\node_modules\pirates\lib\index.js:136:24)
    at Module._extensions..js (node:internal/modules/cjs/loader:1272:10)
    at Object.newLoader [as .js] (D:\Book_Store\bookStore\node_modules\pirates\lib\index.js:141:7)
    at Module.load (node:internal/modules/cjs/loader:1081:32)
    at Function.Module._load (node:internal/modules/cjs/loader:922:12)
    at Function.runMain (node:internal/modules/run_main:81:12)
    at Object.<anonymous> (D:\Book_Store\bookStore\node_modules\@babel\node\src\_babel-node.ts:223:12)
    at Module._compile (node:internal/modules/cjs/loader:1218:14)
    at Object.Module._extensions..js (node:internal/modules/cjs/loader:1272:10)
    at Module.load (node:internal/modules/cjs/loader:1081:32)
    at Function.Module._load (node:internal/modules/cjs/loader:922:12)
    at Function.executeUserEntryPoint [as runMain] (node:internal/modules/run_main:81:12)
    at node:internal/main/run_main_module:23:47 {"date":"Sun Apr 02 2023 18:56:23 GMT+0530 (India Standard Time)","error":{},"exception":true,"os":{"loadavg":[0,0,0],"uptime":210437.234},"process":{"argv":["node","D:\\Book_Store\\bookStore\\src\\index.js"],"cwd":"D:\\Book_Store\\bookStore","execPath":"C:\\Program Files\\nodejs\\node.exe","gid":null,"memoryUsage":{"arrayBuffers":18727243,"external":20243513,"heapTotal":95105024,"heapUsed":52215632,"rss":135143424},"pid":16092,"uid":null,"version":"v18.13.0"},"stack":"TypeError: Router.use() requires a middleware function but got a Object\n    at Function.use (D:\\Book_Store\\bookStore\\node_modules\\express\\lib\\router\\index.js:469:13)\n    at routes (D:\\Book_Store\\bookStore\\src\\routes\\/index.js:20:10)\n    at Object.<anonymous> (D:\\Book_Store\\bookStore\\src\\/index.js:32:38)\n    at Module._compile (node:internal/modules/cjs/loader:1218:14)\n    at Module._compile (D:\\Book_Store\\bookStore\\node_modules\\pirates\\lib\\index.js:136:24)\n    at Module._extensions..js (node:internal/modules/cjs/loader:1272:10)\n    at Object.newLoader [as .js] (D:\\Book_Store\\bookStore\\node_modules\\pirates\\lib\\index.js:141:7)\n    at Module.load (node:internal/modules/cjs/loader:1081:32)\n    at Function.Module._load (node:internal/modules/cjs/loader:922:12)\n    at Function.runMain (node:internal/modules/run_main:81:12)\n    at Object.<anonymous> (D:\\Book_Store\\bookStore\\node_modules\\@babel\\node\\src\\_babel-node.ts:223:12)\n    at Module._compile (node:internal/modules/cjs/loader:1218:14)\n    at Object.Module._extensions..js (node:internal/modules/cjs/loader:1272:10)\n    at Module.load (node:internal/modules/cjs/loader:1081:32)\n    at Function.Module._load (node:internal/modules/cjs/loader:922:12)\n    at Function.executeUserEntryPoint [as runMain] (node:internal/modules/run_main:81:12)\n    at node:internal/main/run_main_module:23:47","timestamp":"2023-04-02T13:26:23.673Z","trace":[{"column":13,"file":"D:\\Book_Store\\bookStore\\node_modules\\express\\lib\\router\\index.js","function":"Function.use","line":469,"method":"use","native":false},{"column":10,"file":"D:\\Book_Store\\bookStore\\src\\routes\\/index.js","function":"routes","line":20,"method":null,"native":false},{"column":38,"file":"D:\\Book_Store\\bookStore\\src\\/index.js","function":null,"line":32,"method":null,"native":false},{"column":14,"file":"node:internal/modules/cjs/loader","function":"Module._compile","line":1218,"method":"_compile","native":false},{"column":24,"file":"D:\\Book_Store\\bookStore\\node_modules\\pirates\\lib\\index.js","function":"Module._compile","line":136,"method":"_compile","native":false},{"column":10,"file":"node:internal/modules/cjs/loader","function":"Module._extensions..js","line":1272,"method":".js","native":false},{"column":7,"file":"D:\\Book_Store\\bookStore\\node_modules\\pirates\\lib\\index.js","function":"Object.newLoader [as .js]","line":141,"method":"js]","native":false},{"column":32,"file":"node:internal/modules/cjs/loader","function":"Module.load","line":1081,"method":"load","native":false},{"column":12,"file":"node:internal/modules/cjs/loader","function":"Module._load","line":922,"method":"_load","native":false},{"column":12,"file":"node:internal/modules/run_main","function":"Function.runMain","line":81,"method":"runMain","native":false},{"column":12,"file":"D:\\Book_Store\\bookStore\\node_modules\\@babel\\node\\src\\_babel-node.ts","function":null,"line":223,"method":null,"native":false},{"column":14,"file":"node:internal/modules/cjs/loader","function":"Module._compile","line":1218,"method":"_compile","native":false},{"column":10,"file":"node:internal/modules/cjs/loader","function":"Module._extensions..js","line":1272,"method":".js","native":false},{"column":32,"file":"node:internal/modules/cjs/loader","function":"Module.load","line":1081,"method":"load","native":false},{"column":12,"file":"node:internal/modules/cjs/loader","function":"Module._load","line":922,"method":"_load","native":false},{"column":12,"file":"node:internal/modules/run_main","function":"Function.executeUserEntryPoint [as runMain]","line":81,"method":"executeUserEntryPoint [as runMain]","native":false},{"column":47,"file":"node:internal/main/run_main_module","function":null,"line":23,"method":null,"native":false}]}
error: uncaughtException: Router.use() requires a middleware function but got a Object
TypeError: Router.use() requires a middleware function but got a Object
    at Function.use (D:\Book_Store\bookStore\node_modules\express\lib\router\index.js:469:13)
    at routes (D:\Book_Store\bookStore\src\routes\/index.js:20:10)
    at Object.<anonymous> (D:\Book_Store\bookStore\src\/index.js:32:38)
    at Module._compile (node:internal/modules/cjs/loader:1218:14)
    at Module._compile (D:\Book_Store\bookStore\node_modules\pirates\lib\index.js:136:24)
    at Module._extensions..js (node:internal/modules/cjs/loader:1272:10)
    at Object.newLoader [as .js] (D:\Book_Store\bookStore\node_modules\pirates\lib\index.js:141:7)
    at Module.load (node:internal/modules/cjs/loader:1081:32)
    at Function.Module._load (node:internal/modules/cjs/loader:922:12)
    at Function.runMain (node:internal/modules/run_main:81:12)
    at Object.<anonymous> (D:\Book_Store\bookStore\node_modules\@babel\node\src\_babel-node.ts:223:12)
    at Module._compile (node:internal/modules/cjs/loader:1218:14)
    at Object.Module._extensions..js (node:internal/modules/cjs/loader:1272:10)
    at Module.load (node:internal/modules/cjs/loader:1081:32)
    at Function.Module._load (node:internal/modules/cjs/loader:922:12)
    at Function.executeUserEntryPoint [as runMain] (node:internal/modules/run_main:81:12)
    at node:internal/main/run_main_module:23:47 {"date":"Sun Apr 02 2023 18:56:35 GMT+0530 (India Standard Time)","error":{},"exception":true,"os":{"loadavg":[0,0,0],"uptime":210448.89},"process":{"argv":["node","D:\\Book_Store\\bookStore\\src\\index.js"],"cwd":"D:\\Book_Store\\bookStore","execPath":"C:\\Program Files\\nodejs\\node.exe","gid":null,"memoryUsage":{"arrayBuffers":18764338,"external":20280608,"heapTotal":95105024,"heapUsed":52494008,"rss":135069696},"pid":24488,"uid":null,"version":"v18.13.0"},"stack":"TypeError: Router.use() requires a middleware function but got a Object\n    at Function.use (D:\\Book_Store\\bookStore\\node_modules\\express\\lib\\router\\index.js:469:13)\n    at routes (D:\\Book_Store\\bookStore\\src\\routes\\/index.js:20:10)\n    at Object.<anonymous> (D:\\Book_Store\\bookStore\\src\\/index.js:32:38)\n    at Module._compile (node:internal/modules/cjs/loader:1218:14)\n    at Module._compile (D:\\Book_Store\\bookStore\\node_modules\\pirates\\lib\\index.js:136:24)\n    at Module._extensions..js (node:internal/modules/cjs/loader:1272:10)\n    at Object.newLoader [as .js] (D:\\Book_Store\\bookStore\\node_modules\\pirates\\lib\\index.js:141:7)\n    at Module.load (node:internal/modules/cjs/loader:1081:32)\n    at Function.Module._load (node:internal/modules/cjs/loader:922:12)\n    at Function.runMain (node:internal/modules/run_main:81:12)\n    at Object.<anonymous> (D:\\Book_Store\\bookStore\\node_modules\\@babel\\node\\src\\_babel-node.ts:223:12)\n    at Module._compile (node:internal/modules/cjs/loader:1218:14)\n    at Object.Module._extensions..js (node:internal/modules/cjs/loader:1272:10)\n    at Module.load (node:internal/modules/cjs/loader:1081:32)\n    at Function.Module._load (node:internal/modules/cjs/loader:922:12)\n    at Function.executeUserEntryPoint [as runMain] (node:internal/modules/run_main:81:12)\n    at node:internal/main/run_main_module:23:47","timestamp":"2023-04-02T13:26:35.330Z","trace":[{"column":13,"file":"D:\\Book_Store\\bookStore\\node_modules\\express\\lib\\router\\index.js","function":"Function.use","line":469,"method":"use","native":false},{"column":10,"file":"D:\\Book_Store\\bookStore\\src\\routes\\/index.js","function":"routes","line":20,"method":null,"native":false},{"column":38,"file":"D:\\Book_Store\\bookStore\\src\\/index.js","function":null,"line":32,"method":null,"native":false},{"column":14,"file":"node:internal/modules/cjs/loader","function":"Module._compile","line":1218,"method":"_compile","native":false},{"column":24,"file":"D:\\Book_Store\\bookStore\\node_modules\\pirates\\lib\\index.js","function":"Module._compile","line":136,"method":"_compile","native":false},{"column":10,"file":"node:internal/modules/cjs/loader","function":"Module._extensions..js","line":1272,"method":".js","native":false},{"column":7,"file":"D:\\Book_Store\\bookStore\\node_modules\\pirates\\lib\\index.js","function":"Object.newLoader [as .js]","line":141,"method":"js]","native":false},{"column":32,"file":"node:internal/modules/cjs/loader","function":"Module.load","line":1081,"method":"load","native":false},{"column":12,"file":"node:internal/modules/cjs/loader","function":"Module._load","line":922,"method":"_load","native":false},{"column":12,"file":"node:internal/modules/run_main","function":"Function.runMain","line":81,"method":"runMain","native":false},{"column":12,"file":"D:\\Book_Store\\bookStore\\node_modules\\@babel\\node\\src\\_babel-node.ts","function":null,"line":223,"method":null,"native":false},{"column":14,"file":"node:internal/modules/cjs/loader","function":"Module._compile","line":1218,"method":"_compile","native":false},{"column":10,"file":"node:internal/modules/cjs/loader","function":"Module._extensions..js","line":1272,"method":".js","native":false},{"column":32,"file":"node:internal/modules/cjs/loader","function":"Module.load","line":1081,"method":"load","native":false},{"column":12,"file":"node:internal/modules/cjs/loader","function":"Module._load","line":922,"method":"_load","native":false},{"column":12,"file":"node:internal/modules/run_main","function":"Function.executeUserEntryPoint [as runMain]","line":81,"method":"executeUserEntryPoint [as runMain]","native":false},{"column":47,"file":"node:internal/main/run_main_module","function":null,"line":23,"method":null,"native":false}]}
error: uncaughtException: Router.use() requires a middleware function but got a Object
TypeError: Router.use() requires a middleware function but got a Object
    at Function.use (D:\Book_Store\bookStore\node_modules\express\lib\router\index.js:469:13)
    at routes (D:\Book_Store\bookStore\src\routes\/index.js:20:10)
    at Object.<anonymous> (D:\Book_Store\bookStore\src\/index.js:32:38)
    at Module._compile (node:internal/modules/cjs/loader:1218:14)
    at Module._compile (D:\Book_Store\bookStore\node_modules\pirates\lib\index.js:136:24)
    at Module._extensions..js (node:internal/modules/cjs/loader:1272:10)
    at Object.newLoader [as .js] (D:\Book_Store\bookStore\node_modules\pirates\lib\index.js:141:7)
    at Module.load (node:internal/modules/cjs/loader:1081:32)
    at Function.Module._load (node:internal/modules/cjs/loader:922:12)
    at Function.runMain (node:internal/modules/run_main:81:12)
    at Object.<anonymous> (D:\Book_Store\bookStore\node_modules\@babel\node\src\_babel-node.ts:223:12)
    at Module._compile (node:internal/modules/cjs/loader:1218:14)
    at Object.Module._extensions..js (node:internal/modules/cjs/loader:1272:10)
    at Module.load (node:internal/modules/cjs/loader:1081:32)
    at Function.Module._load (node:internal/modules/cjs/loader:922:12)
    at Function.executeUserEntryPoint [as runMain] (node:internal/modules/run_main:81:12)
    at node:internal/main/run_main_module:23:47 {"date":"Sun Apr 02 2023 18:57:21 GMT+0530 (India Standard Time)","error":{},"exception":true,"os":{"loadavg":[0,0,0],"uptime":210495.14},"process":{"argv":["node","D:\\Book_Store\\bookStore\\src\\index.js"],"cwd":"D:\\Book_Store\\bookStore","execPath":"C:\\Program Files\\nodejs\\node.exe","gid":null,"memoryUsage":{"arrayBuffers":18575966,"external":20092236,"heapTotal":92221440,"heapUsed":50026816,"rss":134123520},"pid":27140,"uid":null,"version":"v18.13.0"},"stack":"TypeError: Router.use() requires a middleware function but got a Object\n    at Function.use (D:\\Book_Store\\bookStore\\node_modules\\express\\lib\\router\\index.js:469:13)\n    at routes (D:\\Book_Store\\bookStore\\src\\routes\\/index.js:20:10)\n    at Object.<anonymous> (D:\\Book_Store\\bookStore\\src\\/index.js:32:38)\n    at Module._compile (node:internal/modules/cjs/loader:1218:14)\n    at Module._compile (D:\\Book_Store\\bookStore\\node_modules\\pirates\\lib\\index.js:136:24)\n    at Module._extensions..js (node:internal/modules/cjs/loader:1272:10)\n    at Object.newLoader [as .js] (D:\\Book_Store\\bookStore\\node_modules\\pirates\\lib\\index.js:141:7)\n    at Module.load (node:internal/modules/cjs/loader:1081:32)\n    at Function.Module._load (node:internal/modules/cjs/loader:922:12)\n    at Function.runMain (node:internal/modules/run_main:81:12)\n    at Object.<anonymous> (D:\\Book_Store\\bookStore\\node_modules\\@babel\\node\\src\\_babel-node.ts:223:12)\n    at Module._compile (node:internal/modules/cjs/loader:1218:14)\n    at Object.Module._extensions..js (node:internal/modules/cjs/loader:1272:10)\n    at Module.load (node:internal/modules/cjs/loader:1081:32)\n    at Function.Module._load (node:internal/modules/cjs/loader:922:12)\n    at Function.executeUserEntryPoint [as runMain] (node:internal/modules/run_main:81:12)\n    at node:internal/main/run_main_module:23:47","timestamp":"2023-04-02T13:27:21.578Z","trace":[{"column":13,"file":"D:\\Book_Store\\bookStore\\node_modules\\express\\lib\\router\\index.js","function":"Function.use","line":469,"method":"use","native":false},{"column":10,"file":"D:\\Book_Store\\bookStore\\src\\routes\\/index.js","function":"routes","line":20,"method":null,"native":false},{"column":38,"file":"D:\\Book_Store\\bookStore\\src\\/index.js","function":null,"line":32,"method":null,"native":false},{"column":14,"file":"node:internal/modules/cjs/loader","function":"Module._compile","line":1218,"method":"_compile","native":false},{"column":24,"file":"D:\\Book_Store\\bookStore\\node_modules\\pirates\\lib\\index.js","function":"Module._compile","line":136,"method":"_compile","native":false},{"column":10,"file":"node:internal/modules/cjs/loader","function":"Module._extensions..js","line":1272,"method":".js","native":false},{"column":7,"file":"D:\\Book_Store\\bookStore\\node_modules\\pirates\\lib\\index.js","function":"Object.newLoader [as .js]","line":141,"method":"js]","native":false},{"column":32,"file":"node:internal/modules/cjs/loader","function":"Module.load","line":1081,"method":"load","native":false},{"column":12,"file":"node:internal/modules/cjs/loader","function":"Module._load","line":922,"method":"_load","native":false},{"column":12,"file":"node:internal/modules/run_main","function":"Function.runMain","line":81,"method":"runMain","native":false},{"column":12,"file":"D:\\Book_Store\\bookStore\\node_modules\\@babel\\node\\src\\_babel-node.ts","function":null,"line":223,"method":null,"native":false},{"column":14,"file":"node:internal/modules/cjs/loader","function":"Module._compile","line":1218,"method":"_compile","native":false},{"column":10,"file":"node:internal/modules/cjs/loader","function":"Module._extensions..js","line":1272,"method":".js","native":false},{"column":32,"file":"node:internal/modules/cjs/loader","function":"Module.load","line":1081,"method":"load","native":false},{"column":12,"file":"node:internal/modules/cjs/loader","function":"Module._load","line":922,"method":"_load","native":false},{"column":12,"file":"node:internal/modules/run_main","function":"Function.executeUserEntryPoint [as runMain]","line":81,"method":"executeUserEntryPoint [as runMain]","native":false},{"column":47,"file":"node:internal/main/run_main_module","function":null,"line":23,"method":null,"native":false}]}
info: Server started at http://localhost:3000/api/v1/ {"timestamp":"2023-04-02T13:28:02.961Z"}
info: Connected to the database. {"timestamp":"2023-04-02T13:28:02.977Z"}
info: Server started at http://localhost:3000/api/v1/ {"timestamp":"2023-04-02T13:33:41.155Z"}
info: Connected to the database. {"timestamp":"2023-04-02T13:33:41.323Z"}
info: Server started at http://localhost:3000/api/v1/ {"timestamp":"2023-04-02T14:39:58.909Z"}
info: Connected to the database. {"timestamp":"2023-04-02T14:39:58.979Z"}
info: Server started at http://localhost:3000/api/v1/ {"timestamp":"2023-04-02T17:48:04.273Z"}
info: Connected to the database. {"timestamp":"2023-04-02T17:48:04.378Z"}
info: Server started at http://localhost:3000/api/v1/ {"timestamp":"2023-04-02T17:53:59.119Z"}
info: Connected to the database. {"timestamp":"2023-04-02T17:53:59.195Z"}
info: Server started at http://localhost:3000/api/v1/ {"timestamp":"2023-04-02T17:56:08.189Z"}
info: Connected to the database. {"timestamp":"2023-04-02T17:56:08.245Z"}
info: Server started at http://localhost:3000/api/v1/ {"timestamp":"2023-04-03T02:04:02.189Z"}
info: Connected to the database. {"timestamp":"2023-04-03T02:04:02.374Z"}
info: Server started at http://localhost:3000/api/v1/ {"timestamp":"2023-04-03T02:28:40.039Z"}
info: Connected to the database. {"timestamp":"2023-04-03T02:28:40.060Z"}
info: Server started at http://localhost:3000/api/v1/ {"timestamp":"2023-04-03T02:48:41.411Z"}
info: Connected to the database. {"timestamp":"2023-04-03T02:48:41.432Z"}
info: Server started at http://localhost:3000/api/v1/ {"timestamp":"2023-04-03T02:49:15.577Z"}
info: Connected to the database. {"timestamp":"2023-04-03T02:49:15.593Z"}
info: Server started at http://localhost:3000/api/v1/ {"timestamp":"2023-04-03T03:02:46.873Z"}
info: Connected to the database. {"timestamp":"2023-04-03T03:02:46.889Z"}
info: Server started at http://localhost:3000/api/v1/ {"timestamp":"2023-04-03T14:03:58.884Z"}
info: Connected to the database. {"timestamp":"2023-04-03T14:03:58.971Z"}
info: Server started at http://localhost:3000/api/v1/ {"timestamp":"2023-04-03T14:08:15.074Z"}
info: Connected to the database. {"timestamp":"2023-04-03T14:08:15.166Z"}
info: Server started at http://localhost:3000/api/v1/ {"timestamp":"2023-04-03T15:22:05.277Z"}
info: Connected to the database. {"timestamp":"2023-04-03T15:22:05.349Z"}
info: Server started at http://localhost:3000/api/v1/ {"timestamp":"2023-04-03T15:22:43.737Z"}
info: Connected to the database. {"timestamp":"2023-04-03T15:22:43.796Z"}
error: uncaughtException: wishlistRoute is not defined
ReferenceError: wishlistRoute is not defined
    at routes (D:\Book_Store\bookStore\src\routes\/index.js:22:27)
    at Object.<anonymous> (D:\Book_Store\bookStore\src\/index.js:32:38)
    at Module._compile (node:internal/modules/cjs/loader:1218:14)
    at Module._compile (D:\Book_Store\bookStore\node_modules\pirates\lib\index.js:136:24)
    at Module._extensions..js (node:internal/modules/cjs/loader:1272:10)
    at Object.newLoader [as .js] (D:\Book_Store\bookStore\node_modules\pirates\lib\index.js:141:7)
    at Module.load (node:internal/modules/cjs/loader:1081:32)
    at Function.Module._load (node:internal/modules/cjs/loader:922:12)
    at Function.runMain (node:internal/modules/run_main:81:12)
    at Object.<anonymous> (D:\Book_Store\bookStore\node_modules\@babel\node\src\_babel-node.ts:223:12)
    at Module._compile (node:internal/modules/cjs/loader:1218:14)
    at Object.Module._extensions..js (node:internal/modules/cjs/loader:1272:10)
    at Module.load (node:internal/modules/cjs/loader:1081:32)
    at Function.Module._load (node:internal/modules/cjs/loader:922:12)
    at Function.executeUserEntryPoint [as runMain] (node:internal/modules/run_main:81:12)
    at node:internal/main/run_main_module:23:47 {"date":"Mon Apr 03 2023 20:54:35 GMT+0530 (India Standard Time)","error":{},"exception":true,"os":{"loadavg":[0,0,0],"uptime":48240.14},"process":{"argv":["node","D:\\Book_Store\\bookStore\\src\\index.js"],"cwd":"D:\\Book_Store\\bookStore","execPath":"C:\\Program Files\\nodejs\\node.exe","gid":null,"memoryUsage":{"arrayBuffers":18693742,"external":20210012,"heapTotal":89337856,"heapUsed":53543464,"rss":130101248},"pid":21932,"uid":null,"version":"v18.13.0"},"stack":"ReferenceError: wishlistRoute is not defined\n    at routes (D:\\Book_Store\\bookStore\\src\\routes\\/index.js:22:27)\n    at Object.<anonymous> (D:\\Book_Store\\bookStore\\src\\/index.js:32:38)\n    at Module._compile (node:internal/modules/cjs/loader:1218:14)\n    at Module._compile (D:\\Book_Store\\bookStore\\node_modules\\pirates\\lib\\index.js:136:24)\n    at Module._extensions..js (node:internal/modules/cjs/loader:1272:10)\n    at Object.newLoader [as .js] (D:\\Book_Store\\bookStore\\node_modules\\pirates\\lib\\index.js:141:7)\n    at Module.load (node:internal/modules/cjs/loader:1081:32)\n    at Function.Module._load (node:internal/modules/cjs/loader:922:12)\n    at Function.runMain (node:internal/modules/run_main:81:12)\n    at Object.<anonymous> (D:\\Book_Store\\bookStore\\node_modules\\@babel\\node\\src\\_babel-node.ts:223:12)\n    at Module._compile (node:internal/modules/cjs/loader:1218:14)\n    at Object.Module._extensions..js (node:internal/modules/cjs/loader:1272:10)\n    at Module.load (node:internal/modules/cjs/loader:1081:32)\n    at Function.Module._load (node:internal/modules/cjs/loader:922:12)\n    at Function.executeUserEntryPoint [as runMain] (node:internal/modules/run_main:81:12)\n    at node:internal/main/run_main_module:23:47","timestamp":"2023-04-03T15:24:35.198Z","trace":[{"column":27,"file":"D:\\Book_Store\\bookStore\\src\\routes\\/index.js","function":"routes","line":22,"method":null,"native":false},{"column":38,"file":"D:\\Book_Store\\bookStore\\src\\/index.js","function":null,"line":32,"method":null,"native":false},{"column":14,"file":"node:internal/modules/cjs/loader","function":"Module._compile","line":1218,"method":"_compile","native":false},{"column":24,"file":"D:\\Book_Store\\bookStore\\node_modules\\pirates\\lib\\index.js","function":"Module._compile","line":136,"method":"_compile","native":false},{"column":10,"file":"node:internal/modules/cjs/loader","function":"Module._extensions..js","line":1272,"method":".js","native":false},{"column":7,"file":"D:\\Book_Store\\bookStore\\node_modules\\pirates\\lib\\index.js","function":"Object.newLoader [as .js]","line":141,"method":"js]","native":false},{"column":32,"file":"node:internal/modules/cjs/loader","function":"Module.load","line":1081,"method":"load","native":false},{"column":12,"file":"node:internal/modules/cjs/loader","function":"Module._load","line":922,"method":"_load","native":false},{"column":12,"file":"node:internal/modules/run_main","function":"Function.runMain","line":81,"method":"runMain","native":false},{"column":12,"file":"D:\\Book_Store\\bookStore\\node_modules\\@babel\\node\\src\\_babel-node.ts","function":null,"line":223,"method":null,"native":false},{"column":14,"file":"node:internal/modules/cjs/loader","function":"Module._compile","line":1218,"method":"_compile","native":false},{"column":10,"file":"node:internal/modules/cjs/loader","function":"Module._extensions..js","line":1272,"method":".js","native":false},{"column":32,"file":"node:internal/modules/cjs/loader","function":"Module.load","line":1081,"method":"load","native":false},{"column":12,"file":"node:internal/modules/cjs/loader","function":"Module._load","line":922,"method":"_load","native":false},{"column":12,"file":"node:internal/modules/run_main","function":"Function.executeUserEntryPoint [as runMain]","line":81,"method":"executeUserEntryPoint [as runMain]","native":false},{"column":47,"file":"node:internal/main/run_main_module","function":null,"line":23,"method":null,"native":false}]}
info: Connected to the database. {"timestamp":"2023-04-03T15:24:35.412Z"}
info: Server started at http://localhost:3000/api/v1/ {"timestamp":"2023-04-03T15:26:35.214Z"}
info: Connected to the database. {"timestamp":"2023-04-03T15:26:35.260Z"}
info: Server started at http://localhost:3000/api/v1/ {"timestamp":"2023-04-03T15:35:49.575Z"}
info: Connected to the database. {"timestamp":"2023-04-03T15:35:49.669Z"}
info: Server started at http://localhost:3000/api/v1/ {"timestamp":"2023-04-03T15:40:03.320Z"}
info: Connected to the database. {"timestamp":"2023-04-03T15:40:03.388Z"}
info: Server started at http://localhost:3000/api/v1/ {"timestamp":"2023-04-03T15:43:02.906Z"}
info: Connected to the database. {"timestamp":"2023-04-03T15:43:02.981Z"}
info: Server started at http://localhost:3000/api/v1/ {"timestamp":"2023-04-03T15:47:18.328Z"}
info: Connected to the database. {"timestamp":"2023-04-03T15:47:18.352Z"}
info: Server started at http://localhost:3000/api/v1/ {"timestamp":"2023-04-03T15:48:09.476Z"}
info: Connected to the database. {"timestamp":"2023-04-03T15:48:09.496Z"}
info: Server started at http://localhost:3000/api/v1/ {"timestamp":"2023-04-03T15:50:05.200Z"}
info: Connected to the database. {"timestamp":"2023-04-03T15:50:05.225Z"}
info: Server started at http://localhost:3000/api/v1/ {"timestamp":"2023-04-03T15:51:30.204Z"}
info: Connected to the database. {"timestamp":"2023-04-03T15:51:30.276Z"}
info: Server started at http://localhost:3000/api/v1/ {"timestamp":"2023-04-03T15:52:03.527Z"}
info: Connected to the database. {"timestamp":"2023-04-03T15:52:03.547Z"}
info: Server started at http://localhost:3000/api/v1/ {"timestamp":"2023-04-03T15:53:18.722Z"}
info: Connected to the database. {"timestamp":"2023-04-03T15:53:18.746Z"}
info: Server started at http://localhost:3000/api/v1/ {"timestamp":"2023-04-03T15:56:58.983Z"}
info: Connected to the database. {"timestamp":"2023-04-03T15:56:59.000Z"}
info: Server started at http://localhost:3000/api/v1/ {"timestamp":"2023-04-03T16:03:14.516Z"}
info: Connected to the database. {"timestamp":"2023-04-03T16:03:14.556Z"}
info: Server started at http://localhost:3000/api/v1/ {"timestamp":"2023-04-03T16:04:30.871Z"}
info: Connected to the database. {"timestamp":"2023-04-03T16:04:30.887Z"}
info: Server started at http://localhost:3000/api/v1/ {"timestamp":"2023-04-03T16:07:45.911Z"}
info: Connected to the database. {"timestamp":"2023-04-03T16:07:45.926Z"}
error: 
    status - 500 
    message - ValidationError: "firstName" with value "belagavi" fails to match the required pattern: /^[A-Z]{1,1}[a-z]{3,30}$/ 
    url - /api/v1/users 
    method - POST 
    IP - ::1
   {"timestamp":"2023-04-03T16:12:44.700Z"}
error: 
    status - 500 
    message - ValidationError: "lastName" is required 
    url - /api/v1/users 
    method - POST 
    IP - ::1
   {"timestamp":"2023-04-03T16:12:52.094Z"}
error: 
    status - 500 
    message - ValidationError: "lastName" is required 
    url - /api/v1/users 
    method - POST 
    IP - ::1
   {"timestamp":"2023-04-03T16:12:59.489Z"}
info: Server started at http://localhost:3000/api/v1/ {"timestamp":"2023-04-03T16:16:44.275Z"}
info: Connected to the database. {"timestamp":"2023-04-03T16:16:44.303Z"}
info: Server started at http://localhost:3000/api/v1/ {"timestamp":"2023-04-03T16:17:03.840Z"}
info: Connected to the database. {"timestamp":"2023-04-03T16:17:03.858Z"}
info: Server started at http://localhost:3000/api/v1/ {"timestamp":"2023-04-03T16:21:12.256Z"}
info: Connected to the database. {"timestamp":"2023-04-03T16:21:12.275Z"}
info: Server started at http://localhost:3000/api/v1/ {"timestamp":"2023-04-03T16:24:06.227Z"}
info: Connected to the database. {"timestamp":"2023-04-03T16:24:06.242Z"}
info: Server started at http://localhost:3000/api/v1/ {"timestamp":"2023-04-03T16:26:20.884Z"}
info: Connected to the database. {"timestamp":"2023-04-03T16:26:20.908Z"}
info: Server started at http://localhost:3000/api/v1/ {"timestamp":"2023-04-03T16:27:55.491Z"}
info: Connected to the database. {"timestamp":"2023-04-03T16:27:55.510Z"}
info: Server started at http://localhost:3000/api/v1/ {"timestamp":"2023-04-03T16:29:05.832Z"}
info: Connected to the database. {"timestamp":"2023-04-03T16:29:05.850Z"}
info: Server started at http://localhost:3000/api/v1/ {"timestamp":"2023-04-03T16:30:42.568Z"}
info: Connected to the database. {"timestamp":"2023-04-03T16:30:42.588Z"}
info: Server started at http://localhost:3000/api/v1/ {"timestamp":"2023-04-03T16:34:09.523Z"}
info: Connected to the database. {"timestamp":"2023-04-03T16:34:09.560Z"}
info: Server started at http://localhost:3000/api/v1/ {"timestamp":"2023-04-03T16:37:25.717Z"}
info: Connected to the database. {"timestamp":"2023-04-03T16:37:25.736Z"}
info: Server started at http://localhost:3000/api/v1/ {"timestamp":"2023-04-03T16:44:02.296Z"}
info: Connected to the database. {"timestamp":"2023-04-03T16:44:02.317Z"}
info: Server started at http://localhost:3000/api/v1/ {"timestamp":"2023-04-03T16:57:57.046Z"}
info: Connected to the database. {"timestamp":"2023-04-03T16:57:57.063Z"}
info: Server started at http://localhost:3000/api/v1/ {"timestamp":"2023-04-03T16:59:59.431Z"}
info: Connected to the database. {"timestamp":"2023-04-03T16:59:59.452Z"}
