info: ::1 - - [31/Mar/2023:09:58:26 +0000] "POST /api/v1/users HTTP/1.1" 201 327 "-" "PostmanRuntime/7.31.3"

info: ::1 - - [31/Mar/2023:09:59:02 +0000] "POST /api/v1/users/login HTTP/1.1" 200 481 "-" "PostmanRuntime/7.31.3"

info: ::1 - - [31/Mar/2023:09:59:39 +0000] "POST /api/v1/users/login HTTP/1.1" 200 481 "-" "PostmanRuntime/7.31.3"

info: ::1 - - [31/Mar/2023:09:59:57 +0000] "POST /api/v1/users/ HTTP/1.1" 400 62 "-" "PostmanRuntime/7.31.3"

info: ::1 - - [31/Mar/2023:10:00:10 +0000] "POST /api/v1/users/ HTTP/1.1" 201 328 "-" "PostmanRuntime/7.31.3"

info: ::1 - - [31/Mar/2023:10:00:48 +0000] "POST /api/v1/users/login HTTP/1.1" 200 482 "-" "PostmanRuntime/7.31.3"

info: ::1 - - [31/Mar/2023:10:01:06 +0000] "POST /api/v1/users/login HTTP/1.1" 200 482 "-" "PostmanRuntime/7.31.3"

info: ::1 - - [31/Mar/2023:10:21:01 +0000] "GET /api/v1/books HTTP/1.1" 500 61 "-" "PostmanRuntime/7.31.3"

info: ::1 - - [31/Mar/2023:10:22:49 +0000] "GET /api/v1/books HTTP/1.1" 500 76 "-" "PostmanRuntime/7.31.3"

info: ::1 - - [31/Mar/2023:10:25:47 +0000] "GET /api/v1/books HTTP/1.1" 500 76 "-" "PostmanRuntime/7.31.3"

info: ::1 - - [31/Mar/2023:10:25:50 +0000] "GET /api/v1/books HTTP/1.1" 500 76 "-" "PostmanRuntime/7.31.3"

info: ::1 - - [31/Mar/2023:10:26:09 +0000] "GET /api/v1/books HTTP/1.1" 500 76 "-" "PostmanRuntime/7.31.3"

info: ::1 - - [31/Mar/2023:10:26:55 +0000] "GET /api/v1/books HTTP/1.1" 200 65 "-" "PostmanRuntime/7.31.3"

info: ::1 - - [31/Mar/2023:10:27:54 +0000] "GET /api/v1/books HTTP/1.1" 500 89 "-" "PostmanRuntime/7.31.3"

info: ::1 - - [31/Mar/2023:10:30:58 +0000] "GET /api/v1/books HTTP/1.1" 500 89 "-" "PostmanRuntime/7.31.3"

info: ::1 - - [31/Mar/2023:10:32:11 +0000] "GET /api/v1/books HTTP/1.1" 500 89 "-" "PostmanRuntime/7.31.3"

info: ::1 - - [31/Mar/2023:10:33:11 +0000] "GET /api/v1/books HTTP/1.1" 200 65 "-" "PostmanRuntime/7.31.3"

info: ::1 - - [31/Mar/2023:10:33:44 +0000] "GET /api/v1/books HTTP/1.1" 200 65 "-" "PostmanRuntime/7.31.3"

info: ::1 - - [31/Mar/2023:10:34:32 +0000] "GET /api/v1/books HTTP/1.1" 200 65 "-" "PostmanRuntime/7.31.3"

info: ::1 - - [31/Mar/2023:10:35:26 +0000] "GET /api/v1/books/616fdcc474dbc1000e41e655 HTTP/1.1" 200 62 "-" "PostmanRuntime/7.31.3"

info: ::1 - - [31/Mar/2023:10:35:46 +0000] "GET /api/v1/books/616fdcc474dbc1000e41e655 HTTP/1.1" 200 62 "-" "PostmanRuntime/7.31.3"

info: ::1 - - [31/Mar/2023:10:39:17 +0000] "GET /api/v1/books HTTP/1.1" 200 65 "-" "PostmanRuntime/7.31.3"

info: ::1 - - [31/Mar/2023:10:41:00 +0000] "GET /api/v1/books HTTP/1.1" 200 65 "-" "PostmanRuntime/7.31.3"

info: ::1 - - [31/Mar/2023:10:43:37 +0000] "GET /api/v1/books HTTP/1.1" 200 65 "-" "PostmanRuntime/7.31.3"

info: ::1 - - [31/Mar/2023:10:46:16 +0000] "GET /api/v1/books HTTP/1.1" 200 65 "-" "PostmanRuntime/7.31.3"

info: ::1 - - [31/Mar/2023:10:47:15 +0000] "GET /api/v1/books/6214803b05253301a4fda584 HTTP/1.1" 200 62 "-" "PostmanRuntime/7.31.3"

info: ::1 - - [31/Mar/2023:10:50:57 +0000] "GET /api/v1/books HTTP/1.1" 200 65 "-" "PostmanRuntime/7.31.3"

info: ::1 - - [31/Mar/2023:10:54:10 +0000] "POST /api/v1/users/login HTTP/1.1" 200 482 "-" "PostmanRuntime/7.31.3"

info: ::1 - - [31/Mar/2023:10:54:43 +0000] "GET /api/v1/books HTTP/1.1" 200 65 "-" "PostmanRuntime/7.31.3"

info: ::1 - - [31/Mar/2023:10:57:12 +0000] "GET /api/v1/books HTTP/1.1" 200 65 "-" "PostmanRuntime/7.31.3"

info: ::1 - - [31/Mar/2023:10:57:45 +0000] "GET /api/v1/books HTTP/1.1" 200 65 "-" "PostmanRuntime/7.31.3"

info: ::1 - - [31/Mar/2023:10:59:04 +0000] "GET /api/v1/books HTTP/1.1" 200 65 "-" "PostmanRuntime/7.31.3"

info: ::1 - - [31/Mar/2023:11:01:19 +0000] "GET /api/v1/books HTTP/1.1" 200 65 "-" "PostmanRuntime/7.31.3"

info: ::1 - - [31/Mar/2023:11:01:47 +0000] "GET /api/v1/books/6214803b05253301a4fda584 HTTP/1.1" 200 62 "-" "PostmanRuntime/7.31.3"

info: ::1 - - [31/Mar/2023:11:06:26 +0000] "GET /api/v1/books HTTP/1.1" 200 65 "-" "PostmanRuntime/7.31.3"

info: ::1 - - [31/Mar/2023:11:07:29 +0000] "GET /api/v1/books HTTP/1.1" 200 65 "-" "PostmanRuntime/7.31.3"

info: ::1 - - [31/Mar/2023:11:11:00 +0000] "GET /api/v1/books HTTP/1.1" 200 9282 "-" "PostmanRuntime/7.31.3"

info: ::1 - - [31/Mar/2023:11:11:22 +0000] "GET /api/v1/books/6214803b05253301a4fda584 HTTP/1.1" 200 1339 "-" "PostmanRuntime/7.31.3"

info: ::1 - - [31/Mar/2023:11:34:39 +0000] "GET /api/v1/books/6214803b05253301a4fda584 HTTP/1.1" 200 1339 "-" "PostmanRuntime/7.31.3"

info: ::1 - - [31/Mar/2023:11:34:48 +0000] "GET /api/v1/books HTTP/1.1" 200 9282 "-" "PostmanRuntime/7.31.3"

info: ::1 - - [31/Mar/2023:13:15:58 +0000] "GET /static/js/bundle.js HTTP/1.1" 404 47 "http://localhost:3000/dashboard" "Mozilla/5.0 (Windows NT 10.0; Win64; x64) AppleWebKit/537.36 (KHTML, like Gecko) Chrome/111.0.0.0 Safari/537.36"

info: ::1 - - [31/Mar/2023:13:15:59 +0000] "GET /favicon.ico HTTP/1.1" 404 47 "http://localhost:3000/dashboard" "Mozilla/5.0 (Windows NT 10.0; Win64; x64) AppleWebKit/537.36 (KHTML, like Gecko) Chrome/111.0.0.0 Safari/537.36"

info: ::1 - - [31/Mar/2023:13:15:59 +0000] "GET /manifest.json HTTP/1.1" 404 47 "http://localhost:3000/dashboard" "Mozilla/5.0 (Windows NT 10.0; Win64; x64) AppleWebKit/537.36 (KHTML, like Gecko) Chrome/111.0.0.0 Safari/537.36"

